  [1m[35m (894.9ms)[0m  [1m[35mCREATE DATABASE "music_development" ENCODING = 'unicode'[0m
  ↳ bin/rails:9
  [1m[35m (561.4ms)[0m  [1m[35mCREATE DATABASE "music_test" ENCODING = 'unicode'[0m
  ↳ bin/rails:9
  [1m[35m (61.4ms)[0m  [1m[35mCREATE TABLE "schema_migrations" ("version" character varying NOT NULL PRIMARY KEY)[0m
  ↳ bin/rails:9
  [1m[35m (30.6ms)[0m  [1m[35mCREATE TABLE "ar_internal_metadata" ("key" character varying NOT NULL PRIMARY KEY, "value" character varying, "created_at" timestamp NOT NULL, "updated_at" timestamp NOT NULL)[0m
  ↳ bin/rails:9
  [1m[35m (2.9ms)[0m  [1m[34mSELECT pg_try_advisory_lock(3812030406321535125)[0m
  ↳ bin/rails:9
  [1m[35m (1.7ms)[0m  [1m[34mSELECT "schema_migrations"."version" FROM "schema_migrations" ORDER BY "schema_migrations"."version" ASC[0m
  ↳ bin/rails:9
Migrating to CreateUsers (20191108180157)
  [1m[35m (0.2ms)[0m  [1m[35mBEGIN[0m
  ↳ bin/rails:9
  [1m[35m (64.5ms)[0m  [1m[35mCREATE TABLE "users" ("id" bigserial primary key, "email" character varying NOT NULL, "passwor_digest" character varying NOT NULL, "session_token" character varying NOT NULL, "created_at" timestamp NOT NULL, "updated_at" timestamp NOT NULL)[0m
  ↳ db/migrate/20191108180157_create_users.rb:3
  [1m[35m (4.0ms)[0m  [1m[35mCREATE UNIQUE INDEX  "index_users_on_email" ON "users"  ("email")[0m
  ↳ db/migrate/20191108180157_create_users.rb:10
  [1m[35m (1.4ms)[0m  [1m[35mCREATE UNIQUE INDEX  "index_users_on_session_token" ON "users"  ("session_token")[0m
  ↳ db/migrate/20191108180157_create_users.rb:11
  [1m[36mActiveRecord::SchemaMigration Create (1.3ms)[0m  [1m[32mINSERT INTO "schema_migrations" ("version") VALUES ($1) RETURNING "version"[0m  [["version", "20191108180157"]]
  ↳ bin/rails:9
  [1m[35m (2.1ms)[0m  [1m[35mCOMMIT[0m
  ↳ bin/rails:9
  [1m[36mActiveRecord::InternalMetadata Load (0.6ms)[0m  [1m[34mSELECT  "ar_internal_metadata".* FROM "ar_internal_metadata" WHERE "ar_internal_metadata"."key" = $1 LIMIT $2[0m  [["key", "environment"], ["LIMIT", 1]]
  ↳ bin/rails:9
  [1m[35m (0.2ms)[0m  [1m[35mBEGIN[0m
  ↳ bin/rails:9
  [1m[36mActiveRecord::InternalMetadata Create (6.3ms)[0m  [1m[32mINSERT INTO "ar_internal_metadata" ("key", "value", "created_at", "updated_at") VALUES ($1, $2, $3, $4) RETURNING "key"[0m  [["key", "environment"], ["value", "development"], ["created_at", "2019-11-08 21:00:53.012793"], ["updated_at", "2019-11-08 21:00:53.012793"]]
  ↳ bin/rails:9
  [1m[35m (6.5ms)[0m  [1m[35mCOMMIT[0m
  ↳ bin/rails:9
  [1m[35m (0.4ms)[0m  [1m[34mSELECT pg_advisory_unlock(3812030406321535125)[0m
  ↳ bin/rails:9
  [1m[35m (11.4ms)[0m  [1m[34mSELECT "schema_migrations"."version" FROM "schema_migrations" ORDER BY "schema_migrations"."version" ASC[0m
  ↳ bin/rails:9
Started GET "/" for ::1 at 2019-11-08 13:02:09 -0800
  [1m[35m (1.1ms)[0m  [1m[34mSELECT "schema_migrations"."version" FROM "schema_migrations" ORDER BY "schema_migrations"."version" ASC[0m
  ↳ /Users/sancho/.rvm/gems/ruby-2.5.1/gems/activerecord-5.2.3/lib/active_record/log_subscriber.rb:98
Processing by Rails::WelcomeController#index as HTML
  Rendering /Users/sancho/.rvm/gems/ruby-2.5.1/gems/railties-5.2.3/lib/rails/templates/rails/welcome/index.html.erb
  Rendered /Users/sancho/.rvm/gems/ruby-2.5.1/gems/railties-5.2.3/lib/rails/templates/rails/welcome/index.html.erb (4.5ms)
Completed 200 OK in 34ms (Views: 14.0ms | ActiveRecord: 0.0ms)


Started GET "/users" for ::1 at 2019-11-08 13:02:31 -0800
  
ActionController::RoutingError (No route matches [GET] "/users"):
  
actionpack (5.2.3) lib/action_dispatch/middleware/debug_exceptions.rb:65:in `call'
web-console (3.7.0) lib/web_console/middleware.rb:135:in `call_app'
web-console (3.7.0) lib/web_console/middleware.rb:30:in `block in call'
web-console (3.7.0) lib/web_console/middleware.rb:20:in `catch'
web-console (3.7.0) lib/web_console/middleware.rb:20:in `call'
actionpack (5.2.3) lib/action_dispatch/middleware/show_exceptions.rb:33:in `call'
railties (5.2.3) lib/rails/rack/logger.rb:38:in `call_app'
railties (5.2.3) lib/rails/rack/logger.rb:26:in `block in call'
activesupport (5.2.3) lib/active_support/tagged_logging.rb:71:in `block in tagged'
activesupport (5.2.3) lib/active_support/tagged_logging.rb:28:in `tagged'
activesupport (5.2.3) lib/active_support/tagged_logging.rb:71:in `tagged'
railties (5.2.3) lib/rails/rack/logger.rb:26:in `call'
sprockets-rails (3.2.1) lib/sprockets/rails/quiet_assets.rb:13:in `call'
actionpack (5.2.3) lib/action_dispatch/middleware/remote_ip.rb:81:in `call'
actionpack (5.2.3) lib/action_dispatch/middleware/request_id.rb:27:in `call'
rack (2.0.7) lib/rack/method_override.rb:22:in `call'
rack (2.0.7) lib/rack/runtime.rb:22:in `call'
activesupport (5.2.3) lib/active_support/cache/strategy/local_cache_middleware.rb:29:in `call'
actionpack (5.2.3) lib/action_dispatch/middleware/executor.rb:14:in `call'
actionpack (5.2.3) lib/action_dispatch/middleware/static.rb:127:in `call'
rack (2.0.7) lib/rack/sendfile.rb:111:in `call'
railties (5.2.3) lib/rails/engine.rb:524:in `call'
puma (3.12.1) lib/puma/configuration.rb:227:in `call'
puma (3.12.1) lib/puma/server.rb:660:in `handle_request'
puma (3.12.1) lib/puma/server.rb:474:in `process_client'
puma (3.12.1) lib/puma/server.rb:334:in `block in run'
puma (3.12.1) lib/puma/thread_pool.rb:135:in `block in spawn_thread'
  [1m[35m (7.0ms)[0m  [1m[34mSELECT pg_try_advisory_lock(3812030406321535125)[0m
  ↳ bin/rails:9
  [1m[35m (2.6ms)[0m  [1m[34mSELECT "schema_migrations"."version" FROM "schema_migrations" ORDER BY "schema_migrations"."version" ASC[0m
  ↳ bin/rails:9
Migrating to CreateBands (20191108210413)
  [1m[35m (0.2ms)[0m  [1m[35mBEGIN[0m
  ↳ bin/rails:9
  [1m[35m (45.9ms)[0m  [1m[35mCREATE TABLE "bands" ("id" bigserial primary key, "name" character varying NOT NULL, "created_at" timestamp NOT NULL, "updated_at" timestamp NOT NULL)[0m
  ↳ db/migrate/20191108210413_create_bands.rb:3
  [1m[35m (2.5ms)[0m  [1m[35mCREATE UNIQUE INDEX  "index_bands_on_name" ON "bands"  ("name")[0m
  ↳ db/migrate/20191108210413_create_bands.rb:7
  [1m[36mActiveRecord::SchemaMigration Create (0.8ms)[0m  [1m[32mINSERT INTO "schema_migrations" ("version") VALUES ($1) RETURNING "version"[0m  [["version", "20191108210413"]]
  ↳ bin/rails:9
  [1m[35m (2.2ms)[0m  [1m[35mCOMMIT[0m
  ↳ bin/rails:9
Migrating to CreateAlbums (20191108214018)
  [1m[35m (9.2ms)[0m  [1m[35mBEGIN[0m
  ↳ bin/rails:9
  [1m[35m (10.5ms)[0m  [1m[35mCREATE TABLE "albums" ("id" bigserial primary key, "title" character varying NOT NULL, "year" integer NOT NULL, "band_id" integer NOT NULL, "studio" boolean DEFAULT FALSE NOT NULL, "created_at" timestamp NOT NULL, "updated_at" timestamp NOT NULL)[0m
  ↳ db/migrate/20191108214018_create_albums.rb:3
  [1m[35m (6.4ms)[0m  [1m[35mCREATE UNIQUE INDEX  "index_albums_on_band_id" ON "albums"  ("band_id")[0m
  ↳ db/migrate/20191108214018_create_albums.rb:10
  [1m[35m (20.4ms)[0m  [1m[35mCREATE UNIQUE INDEX  "index_albums_on_band_id_and_name" ON "albums"  ("band_id", "name")[0m
  ↳ db/migrate/20191108214018_create_albums.rb:11
  [1m[35m (0.3ms)[0m  [1m[31mROLLBACK[0m
  ↳ bin/rails:9
  [1m[35m (0.3ms)[0m  [1m[34mSELECT pg_advisory_unlock(3812030406321535125)[0m
  ↳ bin/rails:9
  [1m[35m (0.3ms)[0m  [1m[34mSELECT pg_try_advisory_lock(3812030406321535125)[0m
  ↳ bin/rails:9
  [1m[35m (7.1ms)[0m  [1m[34mSELECT "schema_migrations"."version" FROM "schema_migrations" ORDER BY "schema_migrations"."version" ASC[0m
  ↳ bin/rails:9
Migrating to CreateAlbums (20191108214018)
  [1m[35m (0.3ms)[0m  [1m[35mBEGIN[0m
  ↳ bin/rails:9
  [1m[35m (39.4ms)[0m  [1m[35mCREATE TABLE "albums" ("id" bigserial primary key, "title" character varying NOT NULL, "year" integer NOT NULL, "band_id" integer NOT NULL, "studio" boolean DEFAULT FALSE NOT NULL, "created_at" timestamp NOT NULL, "updated_at" timestamp NOT NULL)[0m
  ↳ db/migrate/20191108214018_create_albums.rb:3
  [1m[35m (3.5ms)[0m  [1m[35mCREATE UNIQUE INDEX  "index_albums_on_band_id" ON "albums"  ("band_id")[0m
  ↳ db/migrate/20191108214018_create_albums.rb:10
  [1m[35m (16.0ms)[0m  [1m[35mCREATE UNIQUE INDEX  "index_albums_on_band_id_and_name" ON "albums"  ("band_id", "name")[0m
  ↳ db/migrate/20191108214018_create_albums.rb:11
  [1m[35m (0.2ms)[0m  [1m[31mROLLBACK[0m
  ↳ bin/rails:9
  [1m[35m (0.3ms)[0m  [1m[34mSELECT pg_advisory_unlock(3812030406321535125)[0m
  ↳ bin/rails:9
  [1m[35m (0.2ms)[0m  [1m[34mSELECT pg_try_advisory_lock(3812030406321535125)[0m
  ↳ bin/rails:9
  [1m[35m (7.4ms)[0m  [1m[34mSELECT "schema_migrations"."version" FROM "schema_migrations" ORDER BY "schema_migrations"."version" ASC[0m
  ↳ bin/rails:9
Migrating to CreateAlbums (20191108214018)
  [1m[35m (0.3ms)[0m  [1m[35mBEGIN[0m
  ↳ bin/rails:9
  [1m[35m (27.4ms)[0m  [1m[35mCREATE TABLE "albums" ("id" bigserial primary key, "title" character varying NOT NULL, "year" integer NOT NULL, "band_id" integer NOT NULL, "studio" boolean DEFAULT FALSE NOT NULL, "created_at" timestamp NOT NULL, "updated_at" timestamp NOT NULL)[0m
  ↳ db/migrate/20191108214018_create_albums.rb:3
  [1m[35m (1.8ms)[0m  [1m[35mCREATE UNIQUE INDEX  "index_albums_on_band_id" ON "albums"  ("band_id")[0m
  ↳ db/migrate/20191108214018_create_albums.rb:10
  [1m[35m (1.1ms)[0m  [1m[35mCREATE UNIQUE INDEX  "index_albums_on_band_id_and_title" ON "albums"  ("band_id", "title")[0m
  ↳ db/migrate/20191108214018_create_albums.rb:11
  [1m[36mActiveRecord::SchemaMigration Create (0.5ms)[0m  [1m[32mINSERT INTO "schema_migrations" ("version") VALUES ($1) RETURNING "version"[0m  [["version", "20191108214018"]]
  ↳ bin/rails:9
  [1m[35m (1.3ms)[0m  [1m[35mCOMMIT[0m
  ↳ bin/rails:9
  [1m[36mActiveRecord::InternalMetadata Load (18.0ms)[0m  [1m[34mSELECT  "ar_internal_metadata".* FROM "ar_internal_metadata" WHERE "ar_internal_metadata"."key" = $1 LIMIT $2[0m  [["key", "environment"], ["LIMIT", 1]]
  ↳ bin/rails:9
  [1m[35m (0.2ms)[0m  [1m[35mBEGIN[0m
  ↳ bin/rails:9
  [1m[35m (0.2ms)[0m  [1m[35mCOMMIT[0m
  ↳ bin/rails:9
  [1m[35m (0.3ms)[0m  [1m[34mSELECT pg_advisory_unlock(3812030406321535125)[0m
  ↳ bin/rails:9
  [1m[35m (0.6ms)[0m  [1m[34mSELECT "schema_migrations"."version" FROM "schema_migrations" ORDER BY "schema_migrations"."version" ASC[0m
  ↳ bin/rails:9
Started GET "/" for ::1 at 2019-11-08 14:47:25 -0800
  [1m[35m (7.6ms)[0m  [1m[34mSELECT "schema_migrations"."version" FROM "schema_migrations" ORDER BY "schema_migrations"."version" ASC[0m
  ↳ /Users/sancho/.rvm/gems/ruby-2.5.1/gems/activerecord-5.2.3/lib/active_record/log_subscriber.rb:98
Processing by Rails::WelcomeController#index as HTML
  Rendering /Users/sancho/.rvm/gems/ruby-2.5.1/gems/railties-5.2.3/lib/rails/templates/rails/welcome/index.html.erb
  Rendered /Users/sancho/.rvm/gems/ruby-2.5.1/gems/railties-5.2.3/lib/rails/templates/rails/welcome/index.html.erb (4.7ms)
Completed 200 OK in 50ms (Views: 27.5ms | ActiveRecord: 0.0ms)


Started GET "/bands" for ::1 at 2019-11-08 14:47:37 -0800

NameError - undefined local variable or method `current_user_id' for ApplicationController:Class:
  app/controllers/application_controller.rb:2:in `<class:ApplicationController>'
  app/controllers/application_controller.rb:1:in `<top (required)>'
  app/controllers/bands_controller.rb:1:in `<top (required)>'

Started POST "/__better_errors/6a4409ddef77912c/variables" for ::1 at 2019-11-08 14:47:38 -0800
Started GET "/bands" for ::1 at 2019-11-08 14:49:06 -0800
Processing by BandsController#index as HTML
Redirected to http://localhost:3000/session/new
Filter chain halted as :require_user! rendered or redirected
Completed 302 Found in 2ms (ActiveRecord: 0.0ms)


Started GET "/session/new" for ::1 at 2019-11-08 14:49:06 -0800
Processing by SessionsController#new as HTML
  Rendering sessions/new.html.erb within layouts/application
  Rendered sessions/new.html.erb within layouts/application (1.9ms)
Completed 200 OK in 747ms (Views: 746.6ms | ActiveRecord: 0.0ms)


Started POST "/session" for ::1 at 2019-11-08 14:49:24 -0800
Processing by SessionsController#create as HTML
  Parameters: {"authenticity_token"=>"hXr1ksf7BaX3ETn5//Qe3K8zXV0aVjhgbXCGvo2x3ZcPoDUftI8RIdxE4KbfNJbRhJYd7tURCWbq9yNw1Daiqw==", "user"=>{"email"=>"yeni", "password"=>"[FILTERED]"}}
  [1m[36mUser Load (28.5ms)[0m  [1m[34mSELECT  "users".* FROM "users" WHERE "users"."email" = $1 LIMIT $2[0m  [["email", "yeni"], ["LIMIT", 1]]
  ↳ app/models/user.rb:11
  Rendering sessions/new.html.erb within layouts/application
  Rendered sessions/new.html.erb within layouts/application (1.6ms)
Completed 200 OK in 122ms (Views: 42.3ms | ActiveRecord: 60.2ms)


Started GET "/users/new" for ::1 at 2019-11-08 14:49:30 -0800
Processing by UsersController#new as HTML
Completed 500 Internal Server Error in 40ms (ActiveRecord: 12.5ms)



NoMethodError - undefined method `generate_session_token' for #<User:0x00007faf4d7d96b0>:
  app/models/user.rb:31:in `ensure_session_token'
  app/controllers/users_controller.rb:7:in `new'

Started POST "/__better_errors/141aad8a25ea314b/variables" for ::1 at 2019-11-08 14:49:30 -0800
Started GET "/users/new" for ::1 at 2019-11-08 14:54:43 -0800
Processing by UsersController#new as HTML
  Rendering users/new.html.erb within layouts/application
  Rendered users/new.html.erb within layouts/application (11.8ms)
Completed 200 OK in 109ms (Views: 78.4ms | ActiveRecord: 8.5ms)


Started GET "/session/new" for ::1 at 2019-11-08 14:54:49 -0800
Processing by SessionsController#new as HTML
  Rendering sessions/new.html.erb within layouts/application
  Rendered sessions/new.html.erb within layouts/application (1.3ms)
Completed 200 OK in 47ms (Views: 45.8ms | ActiveRecord: 0.0ms)


Started POST "/session" for ::1 at 2019-11-08 14:55:02 -0800
Processing by SessionsController#create as HTML
  Parameters: {"authenticity_token"=>"AIjBtNZIj/Eit6cE5e4bibV1OM95q4FlxNdb9ur5RU2KUgE5pTybdQniflvFLpOEntB4fLbssGNDUP44s346cQ==", "user"=>{"email"=>"yeni", "password"=>"[FILTERED]"}}
  [1m[36mUser Load (3.6ms)[0m  [1m[34mSELECT  "users".* FROM "users" WHERE "users"."email" = $1 LIMIT $2[0m  [["email", "yeni"], ["LIMIT", 1]]
  ↳ app/models/user.rb:11
  Rendering sessions/new.html.erb within layouts/application
  Rendered sessions/new.html.erb within layouts/application (1.1ms)
Completed 200 OK in 68ms (Views: 55.0ms | ActiveRecord: 3.6ms)


Started POST "/session" for ::1 at 2019-11-08 14:55:20 -0800
Processing by SessionsController#create as HTML
  Parameters: {"authenticity_token"=>"ypFct9xIXsHHGwgqEAJ2NJlBWkNHx8RE4qJ6zgb06gpAS5w6rzxKRexO0XUwwv45suQa8IiA9UJlJd8AX3OVNg==", "user"=>{"email"=>"yeni", "password"=>"[FILTERED]"}}
  [1m[36mUser Load (1.0ms)[0m  [1m[34mSELECT  "users".* FROM "users" WHERE "users"."email" = $1 LIMIT $2[0m  [["email", "yeni"], ["LIMIT", 1]]
  ↳ app/models/user.rb:11
  Rendering sessions/new.html.erb within layouts/application
  Rendered sessions/new.html.erb within layouts/application (1.7ms)
Completed 200 OK in 76ms (Views: 72.6ms | ActiveRecord: 1.0ms)


Started GET "/users/new" for ::1 at 2019-11-08 14:55:24 -0800
Processing by UsersController#new as HTML
  Rendering users/new.html.erb within layouts/application
  Rendered users/new.html.erb within layouts/application (1.5ms)
Completed 200 OK in 125ms (Views: 123.6ms | ActiveRecord: 0.0ms)


Started POST "/users" for ::1 at 2019-11-08 14:55:31 -0800
Processing by UsersController#create as HTML
  Parameters: {"authenticity_token"=>"TOotLGHbjyMK9aaohFLVFPhz82SqI8lcMT4M2QdFqnbGMO2hEq+bpyGgf/ekkl0Z09az12Vk+Fq2uakXXsLVSg==", "user"=>{"email"=>"yeni", "password"=>"[FILTERED]"}}
Completed 500 Internal Server Error in 6ms (ActiveRecord: 0.0ms)



NoMethodError - undefined method `permite' for #<ActionController::Parameters:0x00007faf5036a2e8>
Did you mean?  permit
               permit!:
  app/controllers/users_controller.rb:26:in `user_params'
  app/controllers/users_controller.rb:12:in `create'

Started POST "/__better_errors/de99a867fadc7175/variables" for ::1 at 2019-11-08 14:55:32 -0800
Started GET "/users" for ::1 at 2019-11-08 14:55:59 -0800
  
ActionController::RoutingError (No route matches [GET] "/users"):
  
actionpack (5.2.3) lib/action_dispatch/middleware/debug_exceptions.rb:65:in `call'
web-console (3.7.0) lib/web_console/middleware.rb:135:in `call_app'
web-console (3.7.0) lib/web_console/middleware.rb:30:in `block in call'
web-console (3.7.0) lib/web_console/middleware.rb:20:in `catch'
web-console (3.7.0) lib/web_console/middleware.rb:20:in `call'
actionpack (5.2.3) lib/action_dispatch/middleware/show_exceptions.rb:33:in `call'
railties (5.2.3) lib/rails/rack/logger.rb:38:in `call_app'
railties (5.2.3) lib/rails/rack/logger.rb:26:in `block in call'
activesupport (5.2.3) lib/active_support/tagged_logging.rb:71:in `block in tagged'
activesupport (5.2.3) lib/active_support/tagged_logging.rb:28:in `tagged'
activesupport (5.2.3) lib/active_support/tagged_logging.rb:71:in `tagged'
railties (5.2.3) lib/rails/rack/logger.rb:26:in `call'
sprockets-rails (3.2.1) lib/sprockets/rails/quiet_assets.rb:13:in `call'
actionpack (5.2.3) lib/action_dispatch/middleware/remote_ip.rb:81:in `call'
actionpack (5.2.3) lib/action_dispatch/middleware/request_id.rb:27:in `call'
rack (2.0.7) lib/rack/method_override.rb:22:in `call'
rack (2.0.7) lib/rack/runtime.rb:22:in `call'
activesupport (5.2.3) lib/active_support/cache/strategy/local_cache_middleware.rb:29:in `call'
actionpack (5.2.3) lib/action_dispatch/middleware/executor.rb:14:in `call'
actionpack (5.2.3) lib/action_dispatch/middleware/static.rb:127:in `call'
rack (2.0.7) lib/rack/sendfile.rb:111:in `call'
railties (5.2.3) lib/rails/engine.rb:524:in `call'
puma (3.12.1) lib/puma/configuration.rb:227:in `call'
puma (3.12.1) lib/puma/server.rb:660:in `handle_request'
puma (3.12.1) lib/puma/server.rb:474:in `process_client'
puma (3.12.1) lib/puma/server.rb:334:in `block in run'
puma (3.12.1) lib/puma/thread_pool.rb:135:in `block in spawn_thread'
Started GET "/bands" for ::1 at 2019-11-08 14:56:07 -0800
Processing by BandsController#index as HTML
Redirected to http://localhost:3000/session/new
Filter chain halted as :require_user! rendered or redirected
Completed 302 Found in 2ms (ActiveRecord: 0.0ms)


Started GET "/session/new" for ::1 at 2019-11-08 14:56:08 -0800
Processing by SessionsController#new as HTML
  Rendering sessions/new.html.erb within layouts/application
  Rendered sessions/new.html.erb within layouts/application (1.2ms)
Completed 200 OK in 46ms (Views: 45.7ms | ActiveRecord: 0.0ms)


Started GET "/users/new" for ::1 at 2019-11-08 14:56:15 -0800
Processing by UsersController#new as HTML
  Rendering users/new.html.erb within layouts/application
  Rendered users/new.html.erb within layouts/application (1.1ms)
Completed 200 OK in 68ms (Views: 36.0ms | ActiveRecord: 11.6ms)


Started GET "/session/new" for ::1 at 2019-11-08 14:56:19 -0800
Processing by SessionsController#new as HTML
  Rendering sessions/new.html.erb within layouts/application
  Rendered sessions/new.html.erb within layouts/application (1.0ms)
Completed 200 OK in 76ms (Views: 70.3ms | ActiveRecord: 0.0ms)


Started POST "/session" for ::1 at 2019-11-08 14:56:28 -0800
Processing by SessionsController#create as HTML
  Parameters: {"authenticity_token"=>"Ln9xzJ1etL4yeFZq+d3xBd3haFTPoGlZRwSodETyjOqkpbFB7iqgOhktjzXZHXkI9kQo5wDnWF/Agw26HXXz1g==", "user"=>{"email"=>"yeni", "password"=>"[FILTERED]"}}
  [1m[36mUser Load (5.2ms)[0m  [1m[34mSELECT  "users".* FROM "users" WHERE "users"."email" = $1 LIMIT $2[0m  [["email", "yeni"], ["LIMIT", 1]]
  ↳ app/models/user.rb:11
  Rendering sessions/new.html.erb within layouts/application
  Rendered sessions/new.html.erb within layouts/application (2.1ms)
Completed 200 OK in 89ms (Views: 78.8ms | ActiveRecord: 5.2ms)


Started POST "/session" for ::1 at 2019-11-08 14:56:49 -0800
Processing by SessionsController#create as HTML
  Parameters: {"authenticity_token"=>"6nMNTeSbKfkdvRXD0nOOmKTq3K37sX7nVhoLihpU/lRgqc3Al+89fTbozJzyswaVj0+cHjT2T+HRna5EQ9OBaA==", "user"=>{"email"=>"yeni", "password"=>"[FILTERED]"}}
  [1m[36mUser Load (0.6ms)[0m  [1m[34mSELECT  "users".* FROM "users" WHERE "users"."email" = $1 LIMIT $2[0m  [["email", "yeni"], ["LIMIT", 1]]
  ↳ app/models/user.rb:11
  Rendering sessions/new.html.erb within layouts/application
  Rendered sessions/new.html.erb within layouts/application (1.4ms)
Completed 200 OK in 70ms (Views: 65.8ms | ActiveRecord: 0.6ms)


Started GET "/users/new" for ::1 at 2019-11-08 14:57:03 -0800
Processing by UsersController#new as HTML
  Rendering users/new.html.erb within layouts/application
  Rendered users/new.html.erb within layouts/application (1.7ms)
Completed 200 OK in 74ms (Views: 71.7ms | ActiveRecord: 0.0ms)


Started POST "/users" for ::1 at 2019-11-08 14:57:10 -0800
Processing by UsersController#create as HTML
  Parameters: {"authenticity_token"=>"YnUD8+K1AnSPcJIeoFGGT8NEHCwbvB04DZhfnJ730xnor8N+kcEW8KQlS0GAkQ5C6OFcn9T7LD6KH/pSx3CsJQ==", "user"=>{"email"=>"yeni", "password"=>"[FILTERED]"}}
Unpermitted parameter: :password
  [1m[35m (0.5ms)[0m  [1m[35mBEGIN[0m
  ↳ app/controllers/users_controller.rb:13
  [1m[36mUser Exists (0.7ms)[0m  [1m[34mSELECT  1 AS one FROM "users" WHERE "users"."email" = $1 LIMIT $2[0m  [["email", "yeni"], ["LIMIT", 1]]
  ↳ app/controllers/users_controller.rb:13
  [1m[35m (2.8ms)[0m  [1m[31mROLLBACK[0m
  ↳ app/controllers/users_controller.rb:13
Completed 500 Internal Server Error in 60ms (ActiveRecord: 4.0ms)



NoMethodError - undefined method `password_digest' for #<User:0x00007faf51342c88>
Did you mean?  passwor_digest
               passwor_digest=
               passwor_digest?:
  app/controllers/users_controller.rb:13:in `create'

Started POST "/__better_errors/f3492ae4bd76b10a/variables" for ::1 at 2019-11-08 14:57:11 -0800
Started GET "/bands" for ::1 at 2019-11-08 15:06:15 -0800
Processing by BandsController#index as HTML
Redirected to http://localhost:3000/session/new
Filter chain halted as :require_user! rendered or redirected
Completed 302 Found in 3ms (ActiveRecord: 0.0ms)


Started GET "/session/new" for ::1 at 2019-11-08 15:06:15 -0800
Processing by SessionsController#new as HTML
  Rendering sessions/new.html.erb within layouts/application
  Rendered sessions/new.html.erb within layouts/application (2.8ms)
Completed 200 OK in 62ms (Views: 61.4ms | ActiveRecord: 0.0ms)


Started GET "/users/new" for ::1 at 2019-11-08 15:06:28 -0800
Processing by UsersController#new as HTML
  Rendering users/new.html.erb within layouts/application
  Rendered users/new.html.erb within layouts/application (1.5ms)
Completed 200 OK in 88ms (Views: 42.7ms | ActiveRecord: 18.1ms)


Started GET "/session/new" for ::1 at 2019-11-08 15:06:31 -0800
Processing by SessionsController#new as HTML
  Rendering sessions/new.html.erb within layouts/application
  Rendered sessions/new.html.erb within layouts/application (1.7ms)
Completed 200 OK in 70ms (Views: 69.3ms | ActiveRecord: 0.0ms)


Started POST "/session" for ::1 at 2019-11-08 15:06:41 -0800
Processing by SessionsController#create as HTML
  Parameters: {"authenticity_token"=>"OjLYup2ntP5ou5/LqxlPzn4te1ceuXeIR8f1GMCyxbGw6Bg37tOgekPuRpSL2cfDVYg75NH+Ro7AQFDWmTW6jQ==", "user"=>{"email"=>"yeni", "password"=>"[FILTERED]"}}
  [1m[36mUser Load (1.0ms)[0m  [1m[34mSELECT  "users".* FROM "users" WHERE "users"."email" = $1 LIMIT $2[0m  [["email", "yeni"], ["LIMIT", 1]]
  ↳ app/models/user.rb:12
  Rendering sessions/new.html.erb within layouts/application
  Rendered sessions/new.html.erb within layouts/application (2.0ms)
Completed 200 OK in 65ms (Views: 51.1ms | ActiveRecord: 1.4ms)


Started POST "/session" for ::1 at 2019-11-08 15:06:53 -0800
Processing by SessionsController#create as HTML
  Parameters: {"authenticity_token"=>"+NZJygR0SuwS8Xu1MjiKf3SMBi/LHlzuH+xswS2j0vlyDIlHdwBeaDmkouoS+AJyXylGnARZbeiYa8kPdCStxQ==", "user"=>{"email"=>"yeni", "password"=>"[FILTERED]"}}
  [1m[36mUser Load (3.9ms)[0m  [1m[34mSELECT  "users".* FROM "users" WHERE "users"."email" = $1 LIMIT $2[0m  [["email", "yeni"], ["LIMIT", 1]]
  ↳ app/models/user.rb:12
  Rendering sessions/new.html.erb within layouts/application
  Rendered sessions/new.html.erb within layouts/application (1.5ms)
Completed 200 OK in 69ms (Views: 62.0ms | ActiveRecord: 3.9ms)


Started GET "/bands" for ::1 at 2019-11-08 15:07:07 -0800
Processing by BandsController#index as HTML
Redirected to http://localhost:3000/session/new
Filter chain halted as :require_user! rendered or redirected
Completed 302 Found in 3ms (ActiveRecord: 0.0ms)


Started GET "/session/new" for ::1 at 2019-11-08 15:07:07 -0800
Processing by SessionsController#new as HTML
  Rendering sessions/new.html.erb within layouts/application
  Rendered sessions/new.html.erb within layouts/application (1.1ms)
Completed 200 OK in 37ms (Views: 36.0ms | ActiveRecord: 0.0ms)


Started GET "/bands/1" for ::1 at 2019-11-08 15:07:19 -0800
Processing by BandsController#show as HTML
  Parameters: {"id"=>"1"}
Redirected to http://localhost:3000/session/new
Filter chain halted as :require_user! rendered or redirected
Completed 302 Found in 2ms (ActiveRecord: 0.0ms)


Started GET "/session/new" for ::1 at 2019-11-08 15:07:19 -0800
Processing by SessionsController#new as HTML
  Rendering sessions/new.html.erb within layouts/application
  Rendered sessions/new.html.erb within layouts/application (1.4ms)
Completed 200 OK in 50ms (Views: 47.4ms | ActiveRecord: 0.0ms)


  [1m[35m (0.3ms)[0m  [1m[34mSELECT pg_try_advisory_lock(3812030406321535125)[0m
  ↳ bin/rails:9
  [1m[35m (7.3ms)[0m  [1m[34mSELECT "schema_migrations"."version" FROM "schema_migrations" ORDER BY "schema_migrations"."version" ASC[0m
  ↳ bin/rails:9
  [1m[36mActiveRecord::InternalMetadata Load (0.5ms)[0m  [1m[34mSELECT  "ar_internal_metadata".* FROM "ar_internal_metadata" WHERE "ar_internal_metadata"."key" = $1 LIMIT $2[0m  [["key", "environment"], ["LIMIT", 1]]
  ↳ bin/rails:9
  [1m[35m (0.2ms)[0m  [1m[35mBEGIN[0m
  ↳ bin/rails:9
  [1m[35m (0.2ms)[0m  [1m[35mCOMMIT[0m
  ↳ bin/rails:9
  [1m[35m (0.3ms)[0m  [1m[34mSELECT pg_advisory_unlock(3812030406321535125)[0m
  ↳ bin/rails:9
  [1m[35m (0.7ms)[0m  [1m[34mSELECT "schema_migrations"."version" FROM "schema_migrations" ORDER BY "schema_migrations"."version" ASC[0m
  ↳ bin/rails:9
Started GET "/users" for ::1 at 2019-11-08 15:27:03 -0800
  [1m[35m (7.4ms)[0m  [1m[34mSELECT "schema_migrations"."version" FROM "schema_migrations" ORDER BY "schema_migrations"."version" ASC[0m
  ↳ /Users/sancho/.rvm/gems/ruby-2.5.1/gems/activerecord-5.2.3/lib/active_record/log_subscriber.rb:98

ActiveRecord::PendingMigrationError - Migrations are pending. To resolve this issue, run:

        bin/rails db:migrate RAILS_ENV=development

:

Started POST "/__better_errors/904bf197b104e8b7/variables" for ::1 at 2019-11-08 15:27:04 -0800
Started GET "/bands" for ::1 at 2019-11-08 15:27:06 -0800
  [1m[35m (0.5ms)[0m  [1m[34mSELECT "schema_migrations"."version" FROM "schema_migrations" ORDER BY "schema_migrations"."version" ASC[0m
  ↳ /Users/sancho/.rvm/gems/ruby-2.5.1/gems/activerecord-5.2.3/lib/active_record/log_subscriber.rb:98

ActiveRecord::PendingMigrationError - Migrations are pending. To resolve this issue, run:

        bin/rails db:migrate RAILS_ENV=development

:

Started POST "/__better_errors/5b4f9aaf4416b3db/variables" for ::1 at 2019-11-08 15:27:07 -0800
  [1m[35m (0.3ms)[0m  [1m[34mSELECT pg_try_advisory_lock(3812030406321535125)[0m
  ↳ bin/rails:9
  [1m[35m (7.8ms)[0m  [1m[34mSELECT "schema_migrations"."version" FROM "schema_migrations" ORDER BY "schema_migrations"."version" ASC[0m
  ↳ bin/rails:9
Migrating to CreateTracks (20191108232432)
  [1m[35m (0.6ms)[0m  [1m[35mBEGIN[0m
  ↳ bin/rails:9
  [1m[35m (45.2ms)[0m  [1m[35mCREATE TABLE "tracks" ("id" bigserial primary key, "name" character varying NOT NULL, "album_id" integer NOT NULL, "ord" integer NOT NULL, "bonus" boolean DEFAULT FALSE NOT NULL, "lyrics" text NOT NULL, "created_at" timestamp NOT NULL, "updated_at" timestamp NOT NULL)[0m
  ↳ db/migrate/20191108232432_create_tracks.rb:3
  [1m[35m (1.5ms)[0m  [1m[35mCREATE UNIQUE INDEX  "index_tracks_on_album_id" ON "tracks"  ("album_id")[0m
  ↳ db/migrate/20191108232432_create_tracks.rb:12
  [1m[35m (9.8ms)[0m  [1m[35mCREATE UNIQUE INDEX  "index_tracks_on_album_id_and_ord" ON "tracks"  ("album_id", "ord")[0m
  ↳ db/migrate/20191108232432_create_tracks.rb:13
  [1m[36mActiveRecord::SchemaMigration Create (0.5ms)[0m  [1m[32mINSERT INTO "schema_migrations" ("version") VALUES ($1) RETURNING "version"[0m  [["version", "20191108232432"]]
  ↳ bin/rails:9
  [1m[35m (1.1ms)[0m  [1m[35mCOMMIT[0m
  ↳ bin/rails:9
Migrating to CreateNotes (20191108233507)
  [1m[35m (6.2ms)[0m  [1m[35mBEGIN[0m
  ↳ bin/rails:9
  [1m[35m (26.1ms)[0m  [1m[35mCREATE TABLE "notes" ("id" bigserial primary key, "track_id" integer NOT NULL, "user_id" integer NOT NULL, "content" text NOT NULL, "created_at" timestamp NOT NULL, "updated_at" timestamp NOT NULL)[0m
  ↳ db/migrate/20191108233507_create_notes.rb:3
  [1m[35m (2.5ms)[0m  [1m[35mCREATE  INDEX  "index_notes_on_track_id" ON "notes"  ("track_id")[0m
  ↳ db/migrate/20191108233507_create_notes.rb:11
  [1m[35m (1.7ms)[0m  [1m[35mCREATE  INDEX  "index_notes_on_user_id" ON "notes"  ("user_id")[0m
  ↳ db/migrate/20191108233507_create_notes.rb:12
  [1m[36mActiveRecord::SchemaMigration Create (1.3ms)[0m  [1m[32mINSERT INTO "schema_migrations" ("version") VALUES ($1) RETURNING "version"[0m  [["version", "20191108233507"]]
  ↳ bin/rails:9
  [1m[35m (1.1ms)[0m  [1m[35mCOMMIT[0m
  ↳ bin/rails:9
  [1m[36mActiveRecord::InternalMetadata Load (0.7ms)[0m  [1m[34mSELECT  "ar_internal_metadata".* FROM "ar_internal_metadata" WHERE "ar_internal_metadata"."key" = $1 LIMIT $2[0m  [["key", "environment"], ["LIMIT", 1]]
  ↳ bin/rails:9
  [1m[35m (3.1ms)[0m  [1m[35mBEGIN[0m
  ↳ bin/rails:9
  [1m[35m (0.4ms)[0m  [1m[35mCOMMIT[0m
  ↳ bin/rails:9
  [1m[35m (1.0ms)[0m  [1m[34mSELECT pg_advisory_unlock(3812030406321535125)[0m
  ↳ bin/rails:9
  [1m[35m (8.1ms)[0m  [1m[34mSELECT "schema_migrations"."version" FROM "schema_migrations" ORDER BY "schema_migrations"."version" ASC[0m
  ↳ bin/rails:9
Started GET "/" for ::1 at 2019-11-08 15:41:19 -0800
  [1m[35m (7.8ms)[0m  [1m[34mSELECT "schema_migrations"."version" FROM "schema_migrations" ORDER BY "schema_migrations"."version" ASC[0m
  ↳ /Users/sancho/.rvm/gems/ruby-2.5.1/gems/activerecord-5.2.3/lib/active_record/log_subscriber.rb:98
Processing by Rails::WelcomeController#index as HTML
  Rendering /Users/sancho/.rvm/gems/ruby-2.5.1/gems/railties-5.2.3/lib/rails/templates/rails/welcome/index.html.erb
  Rendered /Users/sancho/.rvm/gems/ruby-2.5.1/gems/railties-5.2.3/lib/rails/templates/rails/welcome/index.html.erb (4.3ms)
Completed 200 OK in 35ms (Views: 18.2ms | ActiveRecord: 0.0ms)


Started GET "/bands" for ::1 at 2019-11-08 15:41:25 -0800
Processing by BandsController#index as HTML
Redirected to http://localhost:3000/session/new
Filter chain halted as :require_user! rendered or redirected
Completed 302 Found in 1ms (ActiveRecord: 0.0ms)


Started GET "/session/new" for ::1 at 2019-11-08 15:41:25 -0800
Processing by SessionsController#new as HTML
  Rendering sessions/new.html.erb within layouts/application
  Rendered sessions/new.html.erb within layouts/application (1.8ms)
Completed 200 OK in 323ms (Views: 322.4ms | ActiveRecord: 0.0ms)


Started GET "/users/new" for ::1 at 2019-11-08 15:41:52 -0800
Processing by UsersController#new as HTML
  Rendering users/new.html.erb within layouts/application
  Rendered users/new.html.erb within layouts/application (8.7ms)
Completed 200 OK in 104ms (Views: 65.4ms | ActiveRecord: 16.7ms)


Started POST "/users" for ::1 at 2019-11-08 15:42:00 -0800
Processing by UsersController#create as HTML
  Parameters: {"authenticity_token"=>"ssUg/bSq4QByN5vmfe2VakJ+37/bwUVZ9dh/MzlvsMY4H+Bwx971hFliQrldLR1nadufDBSGdF9yX9r9YOjP+g==", "user"=>{"email"=>"yeni", "password"=>"[FILTERED]"}}
Unpermitted parameter: :password
  [1m[35m (9.0ms)[0m  [1m[35mBEGIN[0m
  ↳ app/controllers/users_controller.rb:13
  [1m[35m (7.7ms)[0m  [1m[31mROLLBACK[0m
  ↳ app/controllers/users_controller.rb:13
Completed 500 Internal Server Error in 114ms (ActiveRecord: 16.7ms)



NoMethodError - undefined method `password_digest' for #<User:0x00007fd7cfa4da18>
Did you mean?  passwor_digest
               passwor_digest=
               passwor_digest?:
  app/controllers/users_controller.rb:13:in `create'

Started POST "/__better_errors/86974594066359d6/variables" for ::1 at 2019-11-08 15:42:02 -0800
  [1m[35m (0.4ms)[0m  [1m[34mSELECT pg_try_advisory_lock(3812030406321535125)[0m
  ↳ /Users/sancho/.rvm/gems/ruby-2.5.1/bin/rake:23
  [1m[35m (7.6ms)[0m  [1m[34mSELECT "schema_migrations"."version" FROM "schema_migrations" ORDER BY "schema_migrations"."version" ASC[0m
  ↳ /Users/sancho/.rvm/gems/ruby-2.5.1/bin/rake:23
Migrating to ChangeColumn (20191108234503)
  [1m[35m (0.3ms)[0m  [1m[35mBEGIN[0m
  ↳ /Users/sancho/.rvm/gems/ruby-2.5.1/bin/rake:23
  [1m[35m (28.0ms)[0m  [1m[35mALTER TABLE "users" ADD "password_digest" character varying NOT NULL[0m
  ↳ db/migrate/20191108234503_change_column.rb:3
  [1m[35m (6.1ms)[0m  [1m[35mALTER TABLE "users" DROP COLUMN "passwor_digest"[0m
  ↳ db/migrate/20191108234503_change_column.rb:4
  [1m[36mActiveRecord::SchemaMigration Create (0.6ms)[0m  [1m[32mINSERT INTO "schema_migrations" ("version") VALUES ($1) RETURNING "version"[0m  [["version", "20191108234503"]]
  ↳ /Users/sancho/.rvm/gems/ruby-2.5.1/bin/rake:23
  [1m[35m (0.6ms)[0m  [1m[35mCOMMIT[0m
  ↳ /Users/sancho/.rvm/gems/ruby-2.5.1/bin/rake:23
  [1m[36mActiveRecord::InternalMetadata Load (0.4ms)[0m  [1m[34mSELECT  "ar_internal_metadata".* FROM "ar_internal_metadata" WHERE "ar_internal_metadata"."key" = $1 LIMIT $2[0m  [["key", "environment"], ["LIMIT", 1]]
  ↳ /Users/sancho/.rvm/gems/ruby-2.5.1/bin/rake:23
  [1m[35m (0.2ms)[0m  [1m[35mBEGIN[0m
  ↳ /Users/sancho/.rvm/gems/ruby-2.5.1/bin/rake:23
  [1m[35m (0.3ms)[0m  [1m[35mCOMMIT[0m
  ↳ /Users/sancho/.rvm/gems/ruby-2.5.1/bin/rake:23
  [1m[35m (0.3ms)[0m  [1m[34mSELECT pg_advisory_unlock(3812030406321535125)[0m
  ↳ /Users/sancho/.rvm/gems/ruby-2.5.1/bin/rake:23
  [1m[35m (0.3ms)[0m  [1m[34mSELECT "schema_migrations"."version" FROM "schema_migrations" ORDER BY "schema_migrations"."version" ASC[0m
  ↳ /Users/sancho/.rvm/gems/ruby-2.5.1/bin/rake:23
Started GET "/" for ::1 at 2019-11-08 15:58:41 -0800
  [1m[35m (0.9ms)[0m  [1m[34mSELECT "schema_migrations"."version" FROM "schema_migrations" ORDER BY "schema_migrations"."version" ASC[0m
  ↳ /Users/sancho/.rvm/gems/ruby-2.5.1/gems/activerecord-5.2.3/lib/active_record/log_subscriber.rb:98
Processing by Rails::WelcomeController#index as HTML
  Rendering /Users/sancho/.rvm/gems/ruby-2.5.1/gems/railties-5.2.3/lib/rails/templates/rails/welcome/index.html.erb
  Rendered /Users/sancho/.rvm/gems/ruby-2.5.1/gems/railties-5.2.3/lib/rails/templates/rails/welcome/index.html.erb (5.4ms)
Completed 200 OK in 32ms (Views: 15.1ms | ActiveRecord: 0.0ms)


Started GET "/bands" for ::1 at 2019-11-08 15:58:47 -0800
Processing by BandsController#index as HTML
Redirected to http://localhost:3000/session/new
Filter chain halted as :require_user! rendered or redirected
Completed 302 Found in 5ms (ActiveRecord: 0.0ms)


Started GET "/session/new" for ::1 at 2019-11-08 15:58:47 -0800
Processing by SessionsController#new as HTML
  Rendering sessions/new.html.erb within layouts/application
  Rendered sessions/new.html.erb within layouts/application (2.0ms)
Completed 200 OK in 368ms (Views: 366.1ms | ActiveRecord: 0.0ms)


Started POST "/session" for ::1 at 2019-11-08 15:59:07 -0800
Processing by SessionsController#create as HTML
  Parameters: {"authenticity_token"=>"W4yMLz2BqLXTsJ4vmiPd+Txvi1m9DUoHh5qM5QUax0zRVkyiTvW8MfjlR3C641X0F8rL6nJKewEAHSkrXJ24cA==", "user"=>{"email"=>"yeni", "password"=>"[FILTERED]"}}
  [1m[36mUser Load (8.5ms)[0m  [1m[34mSELECT  "users".* FROM "users" WHERE "users"."email" = $1 LIMIT $2[0m  [["email", "yeni"], ["LIMIT", 1]]
  ↳ app/models/user.rb:12
  Rendering sessions/new.html.erb within layouts/application
  Rendered sessions/new.html.erb within layouts/application (0.9ms)
Completed 200 OK in 102ms (Views: 48.1ms | ActiveRecord: 16.6ms)


Started GET "/users/new" for ::1 at 2019-11-08 15:59:28 -0800
Processing by UsersController#new as HTML
  Rendering users/new.html.erb within layouts/application
  Rendered users/new.html.erb within layouts/application (0.8ms)
Completed 200 OK in 70ms (Views: 42.1ms | ActiveRecord: 10.6ms)


Started GET "/session/new" for ::1 at 2019-11-08 15:59:34 -0800
Processing by SessionsController#new as HTML
  Rendering sessions/new.html.erb within layouts/application
  Rendered sessions/new.html.erb within layouts/application (1.3ms)
Completed 200 OK in 57ms (Views: 56.7ms | ActiveRecord: 0.0ms)


Started POST "/session" for ::1 at 2019-11-08 15:59:47 -0800
Processing by SessionsController#create as HTML
  Parameters: {"authenticity_token"=>"diAA69VibfYP3PM1MlRt2vhwGIdWKT/B7uUxSOr/yNT8+sBmphZ5ciSJKmoSlOXX09VYNJluDsdpYpSGs3i36A==", "user"=>{"email"=>"yeni", "password"=>"[FILTERED]"}}
  [1m[36mUser Load (1.4ms)[0m  [1m[34mSELECT  "users".* FROM "users" WHERE "users"."email" = $1 LIMIT $2[0m  [["email", "yeni"], ["LIMIT", 1]]
  ↳ app/models/user.rb:12
  Rendering sessions/new.html.erb within layouts/application
  Rendered sessions/new.html.erb within layouts/application (1.1ms)
Completed 200 OK in 62ms (Views: 55.4ms | ActiveRecord: 1.4ms)


Started GET "/session/bands" for ::1 at 2019-11-08 16:00:01 -0800
  
ActionController::RoutingError (No route matches [GET] "/session/bands"):
  
actionpack (5.2.3) lib/action_dispatch/middleware/debug_exceptions.rb:65:in `call'
web-console (3.7.0) lib/web_console/middleware.rb:135:in `call_app'
web-console (3.7.0) lib/web_console/middleware.rb:30:in `block in call'
web-console (3.7.0) lib/web_console/middleware.rb:20:in `catch'
web-console (3.7.0) lib/web_console/middleware.rb:20:in `call'
actionpack (5.2.3) lib/action_dispatch/middleware/show_exceptions.rb:33:in `call'
railties (5.2.3) lib/rails/rack/logger.rb:38:in `call_app'
railties (5.2.3) lib/rails/rack/logger.rb:26:in `block in call'
activesupport (5.2.3) lib/active_support/tagged_logging.rb:71:in `block in tagged'
activesupport (5.2.3) lib/active_support/tagged_logging.rb:28:in `tagged'
activesupport (5.2.3) lib/active_support/tagged_logging.rb:71:in `tagged'
railties (5.2.3) lib/rails/rack/logger.rb:26:in `call'
sprockets-rails (3.2.1) lib/sprockets/rails/quiet_assets.rb:13:in `call'
actionpack (5.2.3) lib/action_dispatch/middleware/remote_ip.rb:81:in `call'
actionpack (5.2.3) lib/action_dispatch/middleware/request_id.rb:27:in `call'
rack (2.0.7) lib/rack/method_override.rb:22:in `call'
rack (2.0.7) lib/rack/runtime.rb:22:in `call'
activesupport (5.2.3) lib/active_support/cache/strategy/local_cache_middleware.rb:29:in `call'
actionpack (5.2.3) lib/action_dispatch/middleware/executor.rb:14:in `call'
actionpack (5.2.3) lib/action_dispatch/middleware/static.rb:127:in `call'
rack (2.0.7) lib/rack/sendfile.rb:111:in `call'
railties (5.2.3) lib/rails/engine.rb:524:in `call'
puma (3.12.1) lib/puma/configuration.rb:227:in `call'
puma (3.12.1) lib/puma/server.rb:660:in `handle_request'
puma (3.12.1) lib/puma/server.rb:474:in `process_client'
puma (3.12.1) lib/puma/server.rb:334:in `block in run'
puma (3.12.1) lib/puma/thread_pool.rb:135:in `block in spawn_thread'
Started GET "/band" for ::1 at 2019-11-08 16:00:19 -0800
  
ActionController::RoutingError (No route matches [GET] "/band"):
  
actionpack (5.2.3) lib/action_dispatch/middleware/debug_exceptions.rb:65:in `call'
web-console (3.7.0) lib/web_console/middleware.rb:135:in `call_app'
web-console (3.7.0) lib/web_console/middleware.rb:30:in `block in call'
web-console (3.7.0) lib/web_console/middleware.rb:20:in `catch'
web-console (3.7.0) lib/web_console/middleware.rb:20:in `call'
actionpack (5.2.3) lib/action_dispatch/middleware/show_exceptions.rb:33:in `call'
railties (5.2.3) lib/rails/rack/logger.rb:38:in `call_app'
railties (5.2.3) lib/rails/rack/logger.rb:26:in `block in call'
activesupport (5.2.3) lib/active_support/tagged_logging.rb:71:in `block in tagged'
activesupport (5.2.3) lib/active_support/tagged_logging.rb:28:in `tagged'
activesupport (5.2.3) lib/active_support/tagged_logging.rb:71:in `tagged'
railties (5.2.3) lib/rails/rack/logger.rb:26:in `call'
sprockets-rails (3.2.1) lib/sprockets/rails/quiet_assets.rb:13:in `call'
actionpack (5.2.3) lib/action_dispatch/middleware/remote_ip.rb:81:in `call'
actionpack (5.2.3) lib/action_dispatch/middleware/request_id.rb:27:in `call'
rack (2.0.7) lib/rack/method_override.rb:22:in `call'
rack (2.0.7) lib/rack/runtime.rb:22:in `call'
activesupport (5.2.3) lib/active_support/cache/strategy/local_cache_middleware.rb:29:in `call'
actionpack (5.2.3) lib/action_dispatch/middleware/executor.rb:14:in `call'
actionpack (5.2.3) lib/action_dispatch/middleware/static.rb:127:in `call'
rack (2.0.7) lib/rack/sendfile.rb:111:in `call'
railties (5.2.3) lib/rails/engine.rb:524:in `call'
puma (3.12.1) lib/puma/configuration.rb:227:in `call'
puma (3.12.1) lib/puma/server.rb:660:in `handle_request'
puma (3.12.1) lib/puma/server.rb:474:in `process_client'
puma (3.12.1) lib/puma/server.rb:334:in `block in run'
puma (3.12.1) lib/puma/thread_pool.rb:135:in `block in spawn_thread'
Started GET "/bands" for ::1 at 2019-11-08 16:00:25 -0800
Processing by BandsController#index as HTML
Redirected to http://localhost:3000/session/new
Filter chain halted as :require_user! rendered or redirected
Completed 302 Found in 2ms (ActiveRecord: 0.0ms)


Started GET "/session/new" for ::1 at 2019-11-08 16:00:25 -0800
Processing by SessionsController#new as HTML
  Rendering sessions/new.html.erb within layouts/application
  Rendered sessions/new.html.erb within layouts/application (1.7ms)
Completed 200 OK in 63ms (Views: 62.2ms | ActiveRecord: 0.0ms)


Started GET "/users/new" for ::1 at 2019-11-08 16:00:33 -0800
Processing by UsersController#new as HTML
  Rendering users/new.html.erb within layouts/application
  Rendered users/new.html.erb within layouts/application (1.2ms)
Completed 200 OK in 71ms (Views: 70.5ms | ActiveRecord: 0.0ms)


Started POST "/users" for ::1 at 2019-11-08 16:00:51 -0800
Processing by UsersController#create as HTML
  Parameters: {"authenticity_token"=>"zyBPlKg2udtLx0buQbHy91OFHvfvk2KLcNlKnkRxchtF+o8Z20KtX2CSn7FhcXr6eCBeRCDUU433Xu9QHfYNJw==", "user"=>{"email"=>"yenisbel", "password"=>"[FILTERED]"}}
Unpermitted parameter: :password
  [1m[35m (5.1ms)[0m  [1m[35mBEGIN[0m
  ↳ app/controllers/users_controller.rb:13
  [1m[36mUser Exists (1.8ms)[0m  [1m[34mSELECT  1 AS one FROM "users" WHERE "users"."email" = $1 LIMIT $2[0m  [["email", "yenisbel"], ["LIMIT", 1]]
  ↳ app/controllers/users_controller.rb:13
  [1m[36mUser Exists (2.7ms)[0m  [1m[34mSELECT  1 AS one FROM "users" WHERE "users"."session_token" = $1 LIMIT $2[0m  [["session_token", "SOpiIPN1s8uc8PRTtVDBQA"], ["LIMIT", 1]]
  ↳ app/controllers/users_controller.rb:13
  [1m[35m (0.3ms)[0m  [1m[31mROLLBACK[0m
  ↳ app/controllers/users_controller.rb:13
  Rendering users/new.html.erb within layouts/application
  Rendered users/new.html.erb within layouts/application (1.7ms)
Completed 200 OK in 156ms (Views: 85.5ms | ActiveRecord: 9.9ms)


Started GET "/" for ::1 at 2019-11-08 16:03:46 -0800
Processing by Rails::WelcomeController#index as HTML
  Rendering /Users/sancho/.rvm/gems/ruby-2.5.1/gems/railties-5.2.3/lib/rails/templates/rails/welcome/index.html.erb
  Rendered /Users/sancho/.rvm/gems/ruby-2.5.1/gems/railties-5.2.3/lib/rails/templates/rails/welcome/index.html.erb (12.2ms)
Completed 200 OK in 47ms (Views: 21.7ms | ActiveRecord: 0.0ms)


Started GET "/" for ::1 at 2019-11-08 16:03:53 -0800
Processing by Rails::WelcomeController#index as HTML
  Rendering /Users/sancho/.rvm/gems/ruby-2.5.1/gems/railties-5.2.3/lib/rails/templates/rails/welcome/index.html.erb
  Rendered /Users/sancho/.rvm/gems/ruby-2.5.1/gems/railties-5.2.3/lib/rails/templates/rails/welcome/index.html.erb (4.8ms)
Completed 200 OK in 19ms (Views: 12.8ms | ActiveRecord: 0.0ms)


Started GET "/bands" for ::1 at 2019-11-08 16:04:00 -0800
Processing by BandsController#index as HTML
Redirected to http://localhost:3000/session/new
Filter chain halted as :require_user! rendered or redirected
Completed 302 Found in 6ms (ActiveRecord: 0.0ms)


Started GET "/session/new" for ::1 at 2019-11-08 16:04:00 -0800
Processing by SessionsController#new as HTML
  Rendering sessions/new.html.erb within layouts/application
  Rendered sessions/new.html.erb within layouts/application (5.7ms)
Completed 200 OK in 124ms (Views: 120.2ms | ActiveRecord: 0.0ms)


Started GET "/users/new" for ::1 at 2019-11-08 16:04:14 -0800
Processing by UsersController#new as HTML
  Rendering users/new.html.erb within layouts/application
  Rendered users/new.html.erb within layouts/application (1.6ms)
Completed 200 OK in 108ms (Views: 102.4ms | ActiveRecord: 0.0ms)


Started POST "/users" for ::1 at 2019-11-08 16:04:31 -0800
Processing by UsersController#create as HTML
  Parameters: {"authenticity_token"=>"A3Sm31bk3IG4WS9wfs77CZCTZoEJo/9TKJuitNriqDeJrmZSJZDIBZMM9i9eDnMEuzYmMsbkzlWvHAd6g2XXCw==", "user"=>{"email"=>"yenis@g.com", "password"=>"[FILTERED]"}}
Unpermitted parameter: :password
  [1m[35m (0.3ms)[0m  [1m[35mBEGIN[0m
  ↳ app/controllers/users_controller.rb:13
  [1m[36mUser Exists (7.3ms)[0m  [1m[34mSELECT  1 AS one FROM "users" WHERE "users"."email" = $1 LIMIT $2[0m  [["email", "yenis@g.com"], ["LIMIT", 1]]
  ↳ app/controllers/users_controller.rb:13
  [1m[36mUser Exists (1.1ms)[0m  [1m[34mSELECT  1 AS one FROM "users" WHERE "users"."session_token" = $1 LIMIT $2[0m  [["session_token", "fEqTYW-ThXXXZokwOcQp9g"], ["LIMIT", 1]]
  ↳ app/controllers/users_controller.rb:13
  [1m[35m (0.3ms)[0m  [1m[31mROLLBACK[0m
  ↳ app/controllers/users_controller.rb:13
  Rendering users/new.html.erb within layouts/application
  Rendered users/new.html.erb within layouts/application (4.2ms)
Completed 200 OK in 119ms (Views: 75.3ms | ActiveRecord: 8.9ms)


Started POST "/users" for ::1 at 2019-11-08 16:04:56 -0800
Processing by UsersController#create as HTML
  Parameters: {"authenticity_token"=>"ZHDGpb/SxKDFGiRmUfDFAK3w1SW3c/zoYSVSBgn3ckzuqgYozKbQJO5P/TlxME0NhlWVlng0ze7movfIUHANcA==", "user"=>{"email"=>"yeni@gm.com", "password"=>"[FILTERED]"}}
Unpermitted parameter: :password
  [1m[35m (3.4ms)[0m  [1m[35mBEGIN[0m
  ↳ app/controllers/users_controller.rb:13
  [1m[36mUser Exists (1.6ms)[0m  [1m[34mSELECT  1 AS one FROM "users" WHERE "users"."email" = $1 LIMIT $2[0m  [["email", "yeni@gm.com"], ["LIMIT", 1]]
  ↳ app/controllers/users_controller.rb:13
  [1m[36mUser Exists (3.1ms)[0m  [1m[34mSELECT  1 AS one FROM "users" WHERE "users"."session_token" = $1 LIMIT $2[0m  [["session_token", "Ws1DWGskqSxm6O6ura_dDA"], ["LIMIT", 1]]
  ↳ app/controllers/users_controller.rb:13
  [1m[35m (0.3ms)[0m  [1m[31mROLLBACK[0m
  ↳ app/controllers/users_controller.rb:13
  Rendering users/new.html.erb within layouts/application
  Rendered users/new.html.erb within layouts/application (1.3ms)
Completed 200 OK in 239ms (Views: 204.7ms | ActiveRecord: 8.4ms)


Started GET "/session/new" for ::1 at 2019-11-08 16:05:03 -0800
Processing by SessionsController#new as HTML
  Rendering sessions/new.html.erb within layouts/application
  Rendered sessions/new.html.erb within layouts/application (2.1ms)
Completed 200 OK in 57ms (Views: 54.6ms | ActiveRecord: 0.0ms)


Started GET "/users/new" for ::1 at 2019-11-08 16:05:08 -0800
Processing by UsersController#new as HTML
  Rendering users/new.html.erb within layouts/application
  Rendered users/new.html.erb within layouts/application (1.6ms)
Completed 200 OK in 59ms (Views: 57.8ms | ActiveRecord: 0.0ms)


Started GET "/session/new" for ::1 at 2019-11-08 16:05:09 -0800
Processing by SessionsController#new as HTML
  Rendering sessions/new.html.erb within layouts/application
  Rendered sessions/new.html.erb within layouts/application (1.1ms)
Completed 200 OK in 63ms (Views: 60.0ms | ActiveRecord: 0.0ms)


Started GET "/bands" for ::1 at 2019-11-08 16:10:15 -0800
Processing by BandsController#index as HTML
Redirected to http://localhost:3000/session/new
Filter chain halted as :require_user! rendered or redirected
Completed 302 Found in 2ms (ActiveRecord: 0.0ms)


Started GET "/session/new" for ::1 at 2019-11-08 16:10:15 -0800
Processing by SessionsController#new as HTML
  Rendering sessions/new.html.erb within layouts/application
  Rendered sessions/new.html.erb within layouts/application (1.7ms)
Completed 200 OK in 60ms (Views: 58.4ms | ActiveRecord: 0.0ms)


Started POST "/session" for ::1 at 2019-11-08 16:10:59 -0800
Processing by SessionsController#create as HTML
  Parameters: {"authenticity_token"=>"SikjAVXWtsSfSkroyER1O7bppB8GyKM/qZLVKQIVn+vA8+OMJqKiQLQfk7fohP02nUzkrMmPkjkuFXDnW5Lg1w==", "user"=>{"email"=>"yenisbel@g.com", "password"=>"[FILTERED]"}}
Completed 500 Internal Server Error in 90ms (ActiveRecord: 0.0ms)



LoadError - dlopen(/Users/sancho/.rvm/rubies/ruby-2.5.1/lib/ruby/2.5.0/x86_64-darwin17/readline.bundle, 9): Library not loaded: /usr/local/opt/readline/lib/libreadline.7.dylib
  Referenced from: /Users/sancho/.rvm/rubies/ruby-2.5.1/lib/ruby/2.5.0/x86_64-darwin17/readline.bundle
  Reason: image not found - /Users/sancho/.rvm/rubies/ruby-2.5.1/lib/ruby/2.5.0/x86_64-darwin17/readline.bundle:
  app/controllers/sessions_controller.rb:8:in `create'

Started POST "/__better_errors/5399dfcfbfffe3fa/variables" for ::1 at 2019-11-08 16:11:00 -0800
Started POST "/__better_errors/5399dfcfbfffe3fa/eval" for ::1 at 2019-11-08 16:11:14 -0800
Started POST "/__better_errors/5399dfcfbfffe3fa/eval" for ::1 at 2019-11-08 16:11:22 -0800
Started POST "/__better_errors/5399dfcfbfffe3fa/eval" for ::1 at 2019-11-08 16:11:41 -0800
Started POST "/__better_errors/5399dfcfbfffe3fa/eval" for ::1 at 2019-11-08 16:11:47 -0800
Started POST "/__better_errors/5399dfcfbfffe3fa/eval" for ::1 at 2019-11-08 16:12:05 -0800
Started POST "/__better_errors/5399dfcfbfffe3fa/eval" for ::1 at 2019-11-08 16:12:24 -0800
Started POST "/__better_errors/5399dfcfbfffe3fa/eval" for ::1 at 2019-11-08 16:12:44 -0800
  [1m[36mUser Load (0.8ms)[0m  [1m[34mSELECT  "users".* FROM "users" WHERE "users"."email" = $1 LIMIT $2[0m  [["email", "yenisbel@g.com"], ["LIMIT", 1]]
  ↳ app/models/user.rb:12
Started POST "/__better_errors/5399dfcfbfffe3fa/eval" for ::1 at 2019-11-08 16:12:52 -0800
  [1m[35m (1.4ms)[0m  [1m[34mSELECT COUNT(*) FROM "users"[0m
  ↳ app/controllers/sessions_controller.rb:8
Started POST "/__better_errors/5399dfcfbfffe3fa/eval" for ::1 at 2019-11-08 16:13:09 -0800
Started GET "/session" for ::1 at 2019-11-08 16:13:35 -0800
  
ActionController::RoutingError (No route matches [GET] "/session"):
  
actionpack (5.2.3) lib/action_dispatch/middleware/debug_exceptions.rb:65:in `call'
web-console (3.7.0) lib/web_console/middleware.rb:135:in `call_app'
web-console (3.7.0) lib/web_console/middleware.rb:30:in `block in call'
web-console (3.7.0) lib/web_console/middleware.rb:20:in `catch'
web-console (3.7.0) lib/web_console/middleware.rb:20:in `call'
actionpack (5.2.3) lib/action_dispatch/middleware/show_exceptions.rb:33:in `call'
railties (5.2.3) lib/rails/rack/logger.rb:38:in `call_app'
railties (5.2.3) lib/rails/rack/logger.rb:26:in `block in call'
activesupport (5.2.3) lib/active_support/tagged_logging.rb:71:in `block in tagged'
activesupport (5.2.3) lib/active_support/tagged_logging.rb:28:in `tagged'
activesupport (5.2.3) lib/active_support/tagged_logging.rb:71:in `tagged'
railties (5.2.3) lib/rails/rack/logger.rb:26:in `call'
sprockets-rails (3.2.1) lib/sprockets/rails/quiet_assets.rb:13:in `call'
actionpack (5.2.3) lib/action_dispatch/middleware/remote_ip.rb:81:in `call'
actionpack (5.2.3) lib/action_dispatch/middleware/request_id.rb:27:in `call'
rack (2.0.7) lib/rack/method_override.rb:22:in `call'
rack (2.0.7) lib/rack/runtime.rb:22:in `call'
activesupport (5.2.3) lib/active_support/cache/strategy/local_cache_middleware.rb:29:in `call'
actionpack (5.2.3) lib/action_dispatch/middleware/executor.rb:14:in `call'
actionpack (5.2.3) lib/action_dispatch/middleware/static.rb:127:in `call'
rack (2.0.7) lib/rack/sendfile.rb:111:in `call'
railties (5.2.3) lib/rails/engine.rb:524:in `call'
puma (3.12.1) lib/puma/configuration.rb:227:in `call'
puma (3.12.1) lib/puma/server.rb:660:in `handle_request'
puma (3.12.1) lib/puma/server.rb:474:in `process_client'
puma (3.12.1) lib/puma/server.rb:334:in `block in run'
puma (3.12.1) lib/puma/thread_pool.rb:135:in `block in spawn_thread'
Started GET "/session" for ::1 at 2019-11-08 16:14:01 -0800
  [1m[35m (6.8ms)[0m  [1m[34mSELECT "schema_migrations"."version" FROM "schema_migrations" ORDER BY "schema_migrations"."version" ASC[0m
  ↳ /Users/sancho/.rvm/gems/ruby-2.5.1/gems/activerecord-5.2.3/lib/active_record/log_subscriber.rb:98
  
ActionController::RoutingError (No route matches [GET] "/session"):
  
actionpack (5.2.3) lib/action_dispatch/middleware/debug_exceptions.rb:65:in `call'
web-console (3.7.0) lib/web_console/middleware.rb:135:in `call_app'
web-console (3.7.0) lib/web_console/middleware.rb:30:in `block in call'
web-console (3.7.0) lib/web_console/middleware.rb:20:in `catch'
web-console (3.7.0) lib/web_console/middleware.rb:20:in `call'
actionpack (5.2.3) lib/action_dispatch/middleware/show_exceptions.rb:33:in `call'
railties (5.2.3) lib/rails/rack/logger.rb:38:in `call_app'
railties (5.2.3) lib/rails/rack/logger.rb:26:in `block in call'
activesupport (5.2.3) lib/active_support/tagged_logging.rb:71:in `block in tagged'
activesupport (5.2.3) lib/active_support/tagged_logging.rb:28:in `tagged'
activesupport (5.2.3) lib/active_support/tagged_logging.rb:71:in `tagged'
railties (5.2.3) lib/rails/rack/logger.rb:26:in `call'
sprockets-rails (3.2.1) lib/sprockets/rails/quiet_assets.rb:13:in `call'
actionpack (5.2.3) lib/action_dispatch/middleware/remote_ip.rb:81:in `call'
actionpack (5.2.3) lib/action_dispatch/middleware/request_id.rb:27:in `call'
rack (2.0.7) lib/rack/method_override.rb:22:in `call'
rack (2.0.7) lib/rack/runtime.rb:22:in `call'
activesupport (5.2.3) lib/active_support/cache/strategy/local_cache_middleware.rb:29:in `call'
actionpack (5.2.3) lib/action_dispatch/middleware/executor.rb:14:in `call'
actionpack (5.2.3) lib/action_dispatch/middleware/static.rb:127:in `call'
rack (2.0.7) lib/rack/sendfile.rb:111:in `call'
railties (5.2.3) lib/rails/engine.rb:524:in `call'
puma (3.12.1) lib/puma/configuration.rb:227:in `call'
puma (3.12.1) lib/puma/server.rb:660:in `handle_request'
puma (3.12.1) lib/puma/server.rb:474:in `process_client'
puma (3.12.1) lib/puma/server.rb:334:in `block in run'
puma (3.12.1) lib/puma/thread_pool.rb:135:in `block in spawn_thread'
Started GET "/" for ::1 at 2019-11-08 16:14:06 -0800
Processing by Rails::WelcomeController#index as HTML
  Rendering /Users/sancho/.rvm/gems/ruby-2.5.1/gems/railties-5.2.3/lib/rails/templates/rails/welcome/index.html.erb
  Rendered /Users/sancho/.rvm/gems/ruby-2.5.1/gems/railties-5.2.3/lib/rails/templates/rails/welcome/index.html.erb (4.1ms)
Completed 200 OK in 19ms (Views: 9.7ms | ActiveRecord: 0.0ms)


Started GET "/bands" for ::1 at 2019-11-08 16:14:11 -0800
Processing by BandsController#index as HTML
Redirected to http://localhost:3000/session/new
Filter chain halted as :require_user! rendered or redirected
Completed 302 Found in 2ms (ActiveRecord: 0.0ms)


Started GET "/session/new" for ::1 at 2019-11-08 16:14:11 -0800
Processing by SessionsController#new as HTML
  Rendering sessions/new.html.erb within layouts/application
  Rendered sessions/new.html.erb within layouts/application (1.0ms)
Completed 200 OK in 268ms (Views: 265.7ms | ActiveRecord: 0.0ms)


Started GET "/users/new" for ::1 at 2019-11-08 16:14:13 -0800
Processing by UsersController#new as HTML
  Rendering users/new.html.erb within layouts/application
  Rendered users/new.html.erb within layouts/application (1.3ms)
Completed 200 OK in 84ms (Views: 39.1ms | ActiveRecord: 24.4ms)


Started POST "/users" for ::1 at 2019-11-08 16:14:33 -0800
Processing by UsersController#create as HTML
  Parameters: {"authenticity_token"=>"oAM7Wvav3zu1meUDhToE7798ho2S4jiSewzGqqRAGZwq2fvXhdvLv57MPFyl+ozilNnGPl2lCZT8i2Nk/cdmoA==", "user"=>{"email"=>"yyy@g.co", "password"=>"[FILTERED]"}}
Completed 500 Internal Server Error in 35ms (ActiveRecord: 0.0ms)



LoadError - dlopen(/Users/sancho/.rvm/rubies/ruby-2.5.1/lib/ruby/2.5.0/x86_64-darwin17/readline.bundle, 9): Library not loaded: /usr/local/opt/readline/lib/libreadline.7.dylib
  Referenced from: /Users/sancho/.rvm/rubies/ruby-2.5.1/lib/ruby/2.5.0/x86_64-darwin17/readline.bundle
  Reason: image not found - /Users/sancho/.rvm/rubies/ruby-2.5.1/lib/ruby/2.5.0/x86_64-darwin17/readline.bundle:
  app/controllers/users_controller.rb:12:in `create'

Started POST "/__better_errors/c295ba5a5b9f12fb/variables" for ::1 at 2019-11-08 16:14:33 -0800
Started POST "/__better_errors/c295ba5a5b9f12fb/eval" for ::1 at 2019-11-08 16:14:44 -0800
  [1m[36mUser Load (1.4ms)[0m  [1m[34mSELECT  "users".* FROM "users" WHERE "users"."email" = $1 LIMIT $2[0m  [["email", "yyy@g.co"], ["LIMIT", 1]]
  ↳ app/models/user.rb:12
Started POST "/__better_errors/c295ba5a5b9f12fb/eval" for ::1 at 2019-11-08 16:14:49 -0800
Unpermitted parameter: :password
Started POST "/__better_errors/c295ba5a5b9f12fb/eval" for ::1 at 2019-11-08 16:15:17 -0800
Unpermitted parameter: :password
Started POST "/__better_errors/c295ba5a5b9f12fb/eval" for ::1 at 2019-11-08 16:15:46 -0800
  [1m[35m (1.1ms)[0m  [1m[35mBEGIN[0m
  ↳ app/controllers/users_controller.rb:12
  [1m[36mUser Exists (0.5ms)[0m  [1m[34mSELECT  1 AS one FROM "users" WHERE "users"."email" = $1 LIMIT $2[0m  [["email", "yyy@g.co"], ["LIMIT", 1]]
  ↳ app/controllers/users_controller.rb:12
  [1m[36mUser Exists (0.5ms)[0m  [1m[34mSELECT  1 AS one FROM "users" WHERE "users"."session_token" = $1 LIMIT $2[0m  [["session_token", "kk8jyJpS5-jhPomPysIf5w"], ["LIMIT", 1]]
  ↳ app/controllers/users_controller.rb:12
  [1m[35m (0.3ms)[0m  [1m[31mROLLBACK[0m
  ↳ app/controllers/users_controller.rb:12
Started POST "/__better_errors/c295ba5a5b9f12fb/eval" for ::1 at 2019-11-08 16:16:28 -0800
Started POST "/__better_errors/c295ba5a5b9f12fb/eval" for ::1 at 2019-11-08 16:17:06 -0800
Started GET "/bands" for ::1 at 2019-11-08 16:18:01 -0800
  [1m[35m (7.9ms)[0m  [1m[34mSELECT "schema_migrations"."version" FROM "schema_migrations" ORDER BY "schema_migrations"."version" ASC[0m
  ↳ /Users/sancho/.rvm/gems/ruby-2.5.1/gems/activerecord-5.2.3/lib/active_record/log_subscriber.rb:98
Processing by BandsController#index as HTML
Redirected to http://localhost:3000/session/new
Filter chain halted as :require_user! rendered or redirected
Completed 302 Found in 19ms (ActiveRecord: 0.0ms)


Started GET "/session/new" for ::1 at 2019-11-08 16:18:01 -0800
Processing by SessionsController#new as HTML
  Rendering sessions/new.html.erb within layouts/application
  Rendered sessions/new.html.erb within layouts/application (2.3ms)
Completed 200 OK in 313ms (Views: 312.4ms | ActiveRecord: 0.0ms)


Started GET "/users/new" for ::1 at 2019-11-08 16:18:04 -0800
Processing by UsersController#new as HTML
  Rendering users/new.html.erb within layouts/application
  Rendered users/new.html.erb within layouts/application (1.2ms)
Completed 200 OK in 65ms (Views: 25.8ms | ActiveRecord: 15.9ms)


Started POST "/users" for ::1 at 2019-11-08 16:18:21 -0800
Processing by UsersController#create as HTML
  Parameters: {"authenticity_token"=>"I9Pg1ckQQtx1XvhTp/ITgzo0jWCGFRhmzaqs7owDCGGpCSBYumRWWF4LIQyHMpuOEZHN00lSKWBKLQkg1YR3XQ==", "user"=>{"email"=>"yy@c.co", "password"=>"[FILTERED]"}}
Completed 500 Internal Server Error in 13ms (ActiveRecord: 0.0ms)



NameError - uninitialized constant User::BCrypt:
  app/models/user.rb:19:in `password='
  app/controllers/users_controller.rb:12:in `create'

Started POST "/__better_errors/3dd25f528ac5b146/variables" for ::1 at 2019-11-08 16:18:22 -0800
Started GET "/bands" for ::1 at 2019-11-08 16:19:56 -0800
  [1m[35m (0.8ms)[0m  [1m[34mSELECT "schema_migrations"."version" FROM "schema_migrations" ORDER BY "schema_migrations"."version" ASC[0m
  ↳ /Users/sancho/.rvm/gems/ruby-2.5.1/gems/activerecord-5.2.3/lib/active_record/log_subscriber.rb:98
Processing by BandsController#index as HTML
Redirected to http://localhost:3000/session/new
Filter chain halted as :require_user! rendered or redirected
Completed 302 Found in 10ms (ActiveRecord: 0.0ms)


Started GET "/session/new" for ::1 at 2019-11-08 16:19:57 -0800
Processing by SessionsController#new as HTML
  Rendering sessions/new.html.erb within layouts/application
  Rendered sessions/new.html.erb within layouts/application (2.4ms)
Completed 200 OK in 265ms (Views: 264.3ms | ActiveRecord: 0.0ms)


Started GET "/users/new" for ::1 at 2019-11-08 16:20:00 -0800
Processing by UsersController#new as HTML
  Rendering users/new.html.erb within layouts/application
  Rendered users/new.html.erb within layouts/application (1.4ms)
Completed 200 OK in 65ms (Views: 30.3ms | ActiveRecord: 12.1ms)


Started POST "/users" for ::1 at 2019-11-08 16:20:13 -0800
Processing by UsersController#create as HTML
  Parameters: {"authenticity_token"=>"hSkzo9YwAAGLqhMWUAoLqlJpWvG0/DCDv3V/QJQcF10P8/MupUQUhaD/yklwyoOnecwaQnu7AYU48tqOzZtoYQ==", "user"=>{"email"=>"yyy@y.com", "password"=>"[FILTERED]"}}
Completed 500 Internal Server Error in 6ms (ActiveRecord: 0.0ms)



NameError - uninitialized constant BCrypt:
  app/models/user.rb:19:in `password='
  app/controllers/users_controller.rb:12:in `create'

Started POST "/__better_errors/5da6baa2ae7e9cf7/variables" for ::1 at 2019-11-08 16:20:14 -0800
Started GET "/bands" for ::1 at 2019-11-08 16:22:02 -0800
  [1m[35m (9.8ms)[0m  [1m[34mSELECT "schema_migrations"."version" FROM "schema_migrations" ORDER BY "schema_migrations"."version" ASC[0m
  ↳ /Users/sancho/.rvm/gems/ruby-2.5.1/gems/activerecord-5.2.3/lib/active_record/log_subscriber.rb:98
Processing by BandsController#index as HTML
Redirected to http://localhost:3000/session/new
Filter chain halted as :require_user! rendered or redirected
Completed 302 Found in 25ms (ActiveRecord: 0.0ms)


Started GET "/session/new" for ::1 at 2019-11-08 16:22:02 -0800
Processing by SessionsController#new as HTML
  Rendering sessions/new.html.erb within layouts/application
  Rendered sessions/new.html.erb within layouts/application (3.0ms)
Completed 200 OK in 357ms (Views: 355.7ms | ActiveRecord: 0.0ms)


Started GET "/users/new" for ::1 at 2019-11-08 16:22:04 -0800
Processing by UsersController#new as HTML
  Rendering users/new.html.erb within layouts/application
  Rendered users/new.html.erb within layouts/application (1.4ms)
Completed 200 OK in 70ms (Views: 35.7ms | ActiveRecord: 11.2ms)


Started GET "/session/new" for ::1 at 2019-11-08 16:22:07 -0800
Processing by SessionsController#new as HTML
  Rendering sessions/new.html.erb within layouts/application
  Rendered sessions/new.html.erb within layouts/application (1.4ms)
Completed 200 OK in 51ms (Views: 50.3ms | ActiveRecord: 0.0ms)


Started GET "/users/new" for ::1 at 2019-11-08 16:22:16 -0800
Processing by UsersController#new as HTML
  Rendering users/new.html.erb within layouts/application
  Rendered users/new.html.erb within layouts/application (1.1ms)
Completed 200 OK in 60ms (Views: 58.9ms | ActiveRecord: 0.0ms)


Started POST "/users" for ::1 at 2019-11-08 16:22:26 -0800
Processing by UsersController#create as HTML
  Parameters: {"authenticity_token"=>"0F45Ax23xGK/oTjCeZCch9Psxlf6tJjhdseKC0g89SZahPmObsPQ5pT04Z1ZUBSK+EmG5DXzqefxQC/FEbuKGg==", "user"=>{"email"=>"m@mm.co", "password"=>"[FILTERED]"}}
  [1m[35m (0.2ms)[0m  [1m[35mBEGIN[0m
  ↳ app/controllers/users_controller.rb:13
  [1m[36mUser Exists (1.2ms)[0m  [1m[34mSELECT  1 AS one FROM "users" WHERE "users"."email" = $1 LIMIT $2[0m  [["email", "m@mm.co"], ["LIMIT", 1]]
  ↳ app/controllers/users_controller.rb:13
  [1m[36mUser Exists (0.5ms)[0m  [1m[34mSELECT  1 AS one FROM "users" WHERE "users"."session_token" = $1 LIMIT $2[0m  [["session_token", "gCmzhtuDx3tPN2wRKAk8cA"], ["LIMIT", 1]]
  ↳ app/controllers/users_controller.rb:13
  [1m[36mUser Create (19.1ms)[0m  [1m[32mINSERT INTO "users" ("email", "session_token", "created_at", "updated_at", "password_digest") VALUES ($1, $2, $3, $4, $5) RETURNING "id"[0m  [["email", "m@mm.co"], ["session_token", "gCmzhtuDx3tPN2wRKAk8cA"], ["created_at", "2019-11-09 00:22:26.898597"], ["updated_at", "2019-11-09 00:22:26.898597"], ["password_digest", "$2a$12$BqiQlVtkelpE0sgv0p/HbuHvzchw55qAUedgNmRruTBXyAgehoc/y"]]
  ↳ app/controllers/users_controller.rb:13
  [1m[35m (1.4ms)[0m  [1m[35mCOMMIT[0m
  ↳ app/controllers/users_controller.rb:13
Redirected to http://localhost:3000/session/new
Completed 302 Found in 420ms (ActiveRecord: 22.5ms)


Started GET "/session/new" for ::1 at 2019-11-08 16:22:26 -0800
Processing by SessionsController#new as HTML
  Rendering sessions/new.html.erb within layouts/application
  Rendered sessions/new.html.erb within layouts/application (1.0ms)
Completed 200 OK in 32ms (Views: 31.1ms | ActiveRecord: 0.0ms)


Started POST "/session" for ::1 at 2019-11-08 16:22:44 -0800
Processing by SessionsController#create as HTML
  Parameters: {"authenticity_token"=>"HiL7WiNAyLHn1JjAT2hlRZCywdSzNL5OjuKcVPJJapiU+DvXUDTcNcyBQZ9vqO1IuxeBZ3xzj0gJZTmaq84VpA==", "user"=>{"email"=>"m@mm.co", "password"=>"[FILTERED]"}}
  [1m[36mUser Load (0.8ms)[0m  [1m[34mSELECT  "users".* FROM "users" WHERE "users"."email" = $1 LIMIT $2[0m  [["email", "m@mm.co"], ["LIMIT", 1]]
  ↳ app/models/user.rb:12
Completed 500 Internal Server Error in 534ms (ActiveRecord: 1.5ms)



NoMethodError - undefined method `login_user!' for #<SessionsController:0x00007fdfd9225ab8>
Did you mean?  log_in_user!:
  app/controllers/sessions_controller.rb:15:in `create'

Started POST "/__better_errors/602a46ff944417aa/variables" for ::1 at 2019-11-08 16:22:45 -0800
Started GET "/session" for ::1 at 2019-11-08 16:23:25 -0800
  
ActionController::RoutingError (No route matches [GET] "/session"):
  
actionpack (5.2.3) lib/action_dispatch/middleware/debug_exceptions.rb:65:in `call'
web-console (3.7.0) lib/web_console/middleware.rb:135:in `call_app'
web-console (3.7.0) lib/web_console/middleware.rb:30:in `block in call'
web-console (3.7.0) lib/web_console/middleware.rb:20:in `catch'
web-console (3.7.0) lib/web_console/middleware.rb:20:in `call'
actionpack (5.2.3) lib/action_dispatch/middleware/show_exceptions.rb:33:in `call'
railties (5.2.3) lib/rails/rack/logger.rb:38:in `call_app'
railties (5.2.3) lib/rails/rack/logger.rb:26:in `block in call'
activesupport (5.2.3) lib/active_support/tagged_logging.rb:71:in `block in tagged'
activesupport (5.2.3) lib/active_support/tagged_logging.rb:28:in `tagged'
activesupport (5.2.3) lib/active_support/tagged_logging.rb:71:in `tagged'
railties (5.2.3) lib/rails/rack/logger.rb:26:in `call'
sprockets-rails (3.2.1) lib/sprockets/rails/quiet_assets.rb:13:in `call'
actionpack (5.2.3) lib/action_dispatch/middleware/remote_ip.rb:81:in `call'
actionpack (5.2.3) lib/action_dispatch/middleware/request_id.rb:27:in `call'
rack (2.0.7) lib/rack/method_override.rb:22:in `call'
rack (2.0.7) lib/rack/runtime.rb:22:in `call'
activesupport (5.2.3) lib/active_support/cache/strategy/local_cache_middleware.rb:29:in `call'
actionpack (5.2.3) lib/action_dispatch/middleware/executor.rb:14:in `call'
actionpack (5.2.3) lib/action_dispatch/middleware/static.rb:127:in `call'
rack (2.0.7) lib/rack/sendfile.rb:111:in `call'
railties (5.2.3) lib/rails/engine.rb:524:in `call'
puma (3.12.1) lib/puma/configuration.rb:227:in `call'
puma (3.12.1) lib/puma/server.rb:660:in `handle_request'
puma (3.12.1) lib/puma/server.rb:474:in `process_client'
puma (3.12.1) lib/puma/server.rb:334:in `block in run'
puma (3.12.1) lib/puma/thread_pool.rb:135:in `block in spawn_thread'
Started GET "/bands" for ::1 at 2019-11-08 16:23:57 -0800
  [1m[35m (11.2ms)[0m  [1m[34mSELECT "schema_migrations"."version" FROM "schema_migrations" ORDER BY "schema_migrations"."version" ASC[0m
  ↳ /Users/sancho/.rvm/gems/ruby-2.5.1/gems/activerecord-5.2.3/lib/active_record/log_subscriber.rb:98
Processing by BandsController#index as HTML
Redirected to http://localhost:3000/session/new
Filter chain halted as :require_user! rendered or redirected
Completed 302 Found in 17ms (ActiveRecord: 0.0ms)


Started GET "/session/new" for ::1 at 2019-11-08 16:23:57 -0800
Processing by SessionsController#new as HTML
  Rendering sessions/new.html.erb within layouts/application
  Rendered sessions/new.html.erb within layouts/application (3.0ms)
Completed 200 OK in 321ms (Views: 317.2ms | ActiveRecord: 0.0ms)


Started POST "/session" for ::1 at 2019-11-08 16:24:06 -0800
Processing by SessionsController#create as HTML
  Parameters: {"authenticity_token"=>"usgMY1rY5Vo1EvV3fkX5cV4DGJUMoULsrK7WHZSaGqwwEszuKazx3h5HLChehXF8daZYJsPmc+orKXPTzR1lkA==", "user"=>{"email"=>"m@mm.co", "password"=>"[FILTERED]"}}
  [1m[36mUser Load (0.7ms)[0m  [1m[34mSELECT  "users".* FROM "users" WHERE "users"."email" = $1 LIMIT $2[0m  [["email", "m@mm.co"], ["LIMIT", 1]]
  ↳ app/models/user.rb:12
  [1m[35m (0.3ms)[0m  [1m[35mBEGIN[0m
  ↳ app/models/user.rb:42
  [1m[36mUser Exists (0.6ms)[0m  [1m[34mSELECT  1 AS one FROM "users" WHERE "users"."email" = $1 AND "users"."id" != $2 LIMIT $3[0m  [["email", "m@mm.co"], ["id", 1], ["LIMIT", 1]]
  ↳ app/models/user.rb:42
  [1m[36mUser Exists (0.5ms)[0m  [1m[34mSELECT  1 AS one FROM "users" WHERE "users"."session_token" = $1 AND "users"."id" != $2 LIMIT $3[0m  [["session_token", "xNds-TuJa7APJhpPD1DfOg"], ["id", 1], ["LIMIT", 1]]
  ↳ app/models/user.rb:42
  [1m[36mUser Update (26.1ms)[0m  [1m[33mUPDATE "users" SET "session_token" = $1, "updated_at" = $2 WHERE "users"."id" = $3[0m  [["session_token", "xNds-TuJa7APJhpPD1DfOg"], ["updated_at", "2019-11-09 00:24:07.152267"], ["id", 1]]
  ↳ app/models/user.rb:42
  [1m[35m (1.8ms)[0m  [1m[35mCOMMIT[0m
  ↳ app/models/user.rb:42
Redirected to http://localhost:3000/bands
Completed 302 Found in 446ms (ActiveRecord: 43.1ms)


Started GET "/bands" for ::1 at 2019-11-08 16:24:07 -0800
Processing by BandsController#index as HTML
Completed 500 Internal Server Error in 232ms (ActiveRecord: 0.0ms)



NameError - undefined local variable or method `session_token' for #<BandsController:0x00007f840a6d5db8>
Did you mean?  session:
  app/controllers/application_controller.rb:6:in `current_user'
  app/controllers/application_controller.rb:23:in `require_user!'

Started POST "/__better_errors/63df16c9679536d2/variables" for ::1 at 2019-11-08 16:24:07 -0800
Started GET "/bands" for ::1 at 2019-11-08 16:24:44 -0800
  [1m[35m (1.0ms)[0m  [1m[34mSELECT "schema_migrations"."version" FROM "schema_migrations" ORDER BY "schema_migrations"."version" ASC[0m
  ↳ /Users/sancho/.rvm/gems/ruby-2.5.1/gems/activerecord-5.2.3/lib/active_record/log_subscriber.rb:98
Processing by BandsController#index as HTML
  [1m[36mUser Load (0.6ms)[0m  [1m[34mSELECT  "users".* FROM "users" WHERE "users"."session_token" = $1 LIMIT $2[0m  [["session_token", "xNds-TuJa7APJhpPD1DfOg"], ["LIMIT", 1]]
  ↳ app/controllers/application_controller.rb:6
Completed 500 Internal Server Error in 82ms (ActiveRecord: 9.2ms)



NoMethodError - undefined method `All' for #<Class:0x00007f80a771bb58>:
  app/controllers/bands_controller.rb:4:in `index'

Started POST "/__better_errors/1c4185f7d6f19049/variables" for ::1 at 2019-11-08 16:24:44 -0800
Started GET "/bands" for ::1 at 2019-11-08 16:25:07 -0800
Processing by BandsController#index as HTML
  [1m[36mUser Load (0.4ms)[0m  [1m[34mSELECT  "users".* FROM "users" WHERE "users"."session_token" = $1 LIMIT $2[0m  [["session_token", "xNds-TuJa7APJhpPD1DfOg"], ["LIMIT", 1]]
  ↳ app/controllers/application_controller.rb:6
  Rendering bands/index.html.erb within layouts/application
  [1m[36mBand Load (24.6ms)[0m  [1m[34mSELECT "bands".* FROM "bands"[0m
  ↳ app/views/bands/index.html.erb:4
  Rendered bands/index.html.erb within layouts/application (32.8ms)
Completed 200 OK in 427ms (Views: 373.6ms | ActiveRecord: 33.3ms)


Started GET "/bands/new" for ::1 at 2019-11-08 16:25:22 -0800
Processing by BandsController#new as HTML
  [1m[36mUser Load (0.5ms)[0m  [1m[34mSELECT  "users".* FROM "users" WHERE "users"."session_token" = $1 LIMIT $2[0m  [["session_token", "xNds-TuJa7APJhpPD1DfOg"], ["LIMIT", 1]]
  ↳ app/controllers/application_controller.rb:6
  Rendering bands/new.html.erb within layouts/application
  Rendered bands/new.html.erb within layouts/application (0.8ms)
Completed 200 OK in 66ms (Views: 47.2ms | ActiveRecord: 9.1ms)


Started GET "/bands/new" for ::1 at 2019-11-08 16:26:40 -0800
Processing by BandsController#new as HTML
  [1m[36mUser Load (1.1ms)[0m  [1m[34mSELECT  "users".* FROM "users" WHERE "users"."session_token" = $1 LIMIT $2[0m  [["session_token", "xNds-TuJa7APJhpPD1DfOg"], ["LIMIT", 1]]
  ↳ app/controllers/application_controller.rb:6
  Rendering bands/new.html.erb within layouts/application
  Rendered bands/_form.html.erb (0.8ms)
  Rendered bands/new.html.erb within layouts/application (5.1ms)
Completed 200 OK in 52ms (Views: 48.2ms | ActiveRecord: 1.1ms)


Started POST "/bands" for ::1 at 2019-11-08 16:26:59 -0800
Processing by BandsController#create as HTML
  Parameters: {"authenticity_token"=>"paIY7s91nCFPdzOKKQl2BD5wX6hlNo/yOT59kxKCgC4veNhjvAGIpWQi6tUJyf4JFdUfG6pxvvS+udhdSwX/Eg==", "band"=>{"name"=>"Band Music1"}}
  [1m[36mUser Load (0.5ms)[0m  [1m[34mSELECT  "users".* FROM "users" WHERE "users"."session_token" = $1 LIMIT $2[0m  [["session_token", "xNds-TuJa7APJhpPD1DfOg"], ["LIMIT", 1]]
  ↳ app/controllers/application_controller.rb:6
  [1m[35m (3.1ms)[0m  [1m[35mBEGIN[0m
  ↳ app/controllers/bands_controller.rb:16
  [1m[36mBand Exists (1.7ms)[0m  [1m[34mSELECT  1 AS one FROM "bands" WHERE "bands"."name" = $1 LIMIT $2[0m  [["name", "Band Music1"], ["LIMIT", 1]]
  ↳ app/controllers/bands_controller.rb:16
  [1m[36mBand Create (4.8ms)[0m  [1m[32mINSERT INTO "bands" ("name", "created_at", "updated_at") VALUES ($1, $2, $3) RETURNING "id"[0m  [["name", "Band Music1"], ["created_at", "2019-11-09 00:26:59.810281"], ["updated_at", "2019-11-09 00:26:59.810281"]]
  ↳ app/controllers/bands_controller.rb:16
  [1m[35m (4.0ms)[0m  [1m[35mCOMMIT[0m
  ↳ app/controllers/bands_controller.rb:16
Redirected to http://localhost:3000/bands/1
Completed 302 Found in 33ms (ActiveRecord: 14.1ms)


Started GET "/bands/1" for ::1 at 2019-11-08 16:26:59 -0800
Processing by BandsController#show as HTML
  Parameters: {"id"=>"1"}
  [1m[36mUser Load (0.9ms)[0m  [1m[34mSELECT  "users".* FROM "users" WHERE "users"."session_token" = $1 LIMIT $2[0m  [["session_token", "xNds-TuJa7APJhpPD1DfOg"], ["LIMIT", 1]]
  ↳ app/controllers/application_controller.rb:6
  [1m[36mBand Load (0.4ms)[0m  [1m[34mSELECT  "bands".* FROM "bands" WHERE "bands"."id" = $1 LIMIT $2[0m  [["id", 1], ["LIMIT", 1]]
  ↳ app/controllers/bands_controller.rb:29
  Rendering bands/show.html.erb within layouts/application
  Rendered bands/show.html.erb within layouts/application (64.7ms)
Completed 500 Internal Server Error in 83ms (ActiveRecord: 3.2ms)



NameError - undefined local variable or method `band_id' for #<Class:0x00007f80ac9e7fa8>:
  app/models/album.rb:2:in `<class:Album>'
  app/models/album.rb:1:in `<top (required)>'
  app/views/bands/show.html.erb:5:in `_app_views_bands_show_html_erb___817315432009012044_70095278857420'
  app/controllers/bands_controller.rb:30:in `show'

Started POST "/__better_errors/9fe53c656c42e4d9/variables" for ::1 at 2019-11-08 16:27:00 -0800
