Started GET "/" for 127.0.0.1 at 2019-12-17 10:27:27 -0800
DEPRECATION WARNING: ActiveRecord::Base.raise_in_transactional_callbacks= is deprecated, has no effect and will be removed without replacement. (called from block (3 levels) in <class:Railtie> at /Users/sancho/.rvm/gems/ruby-2.5.1/gems/activerecord-5.0.7.2/lib/active_record/railtie.rb:113)
Processing by StaticPagesController#index as HTML
  Rendering static_pages/index.html.erb within layouts/application
  Rendered shared/_main_nav.html.erb (1.1ms)
  Rendered shared/_masthead.html.erb (0.6ms)
  Rendered shared/_sections_nav.html.erb (0.4ms)
  Rendered shared/_search_modal.html.erb (1.0ms)
  Rendered shared/_main_content.html.erb (0.3ms)
  Rendered static_pages/index.html.erb within layouts/application (50.1ms)
Completed 200 OK in 2795ms (Views: 2784.9ms | ActiveRecord: 0.0ms)


Started GET "/assets/components/dropdown.self-815016af6fab1d5b72abd319213bf62f0c42bab2c585d2e059543ae704a0d74c.js?body=1" for 127.0.0.1 at 2019-12-17 10:27:31 -0800
Started GET "/assets/components/modal.self-52188644dbb47def5ee35ae02e69eb567ca9b664472357a8a5789dd39032a265.js?body=1" for 127.0.0.1 at 2019-12-17 10:27:31 -0800
Started GET "/assets/components/sidebar.self-2a1277f850a6fa21e1a974ef5152f177ac05516477d5081d593bb137b3d6808b.js?body=1" for 127.0.0.1 at 2019-12-17 10:27:31 -0800
Started GET "/assets/application.self-f571b9db02bf4ed04c38a6a29072ac382f7d4f47db1fab9817aeadb0d8665235.js?body=1" for 127.0.0.1 at 2019-12-17 10:27:31 -0800
Started GET "/assets/jquery.self-bd7ddd393353a8d2480a622e80342adf488fb6006d667e8b42e4c0073393abee.js?body=1" for 127.0.0.1 at 2019-12-17 10:27:31 -0800
Started GET "/assets/application.self-a1092b7c29e2392746f17e21de20513623095fe81b28e2ba2076289f97de9f1d.css?body=1" for 127.0.0.1 at 2019-12-17 10:27:31 -0800
Started GET "/assets/jquery_ujs.self-784a997f6726036b1993eb2217c9cb558e1cbb801c6da88105588c56f13b466a.js?body=1" for 127.0.0.1 at 2019-12-17 10:27:31 -0800
Started GET "/" for ::1 at 2019-12-17 10:27:34 -0800
Processing by StaticPagesController#index as HTML
  Rendering static_pages/index.html.erb within layouts/application
  Rendered shared/_main_nav.html.erb (0.7ms)
  Rendered shared/_masthead.html.erb (0.7ms)
  Rendered shared/_sections_nav.html.erb (0.4ms)
  Rendered shared/_search_modal.html.erb (0.8ms)
  Rendered shared/_main_content.html.erb (1.1ms)
  Rendered static_pages/index.html.erb within layouts/application (64.5ms)
Completed 200 OK in 330ms (Views: 325.6ms | ActiveRecord: 0.0ms)


Started GET "/assets/application.self-a1092b7c29e2392746f17e21de20513623095fe81b28e2ba2076289f97de9f1d.css?body=1" for ::1 at 2019-12-17 10:27:35 -0800
Started GET "/" for ::1 at 2019-12-17 10:38:33 -0800
Processing by StaticPagesController#index as HTML
  Rendering static_pages/index.html.erb within layouts/application
  Rendered shared/_main_nav.html.erb (3.4ms)
  Rendered shared/_masthead.html.erb (0.5ms)
  Rendered shared/_sections_nav.html.erb (0.5ms)
  Rendered shared/_search_modal.html.erb (0.9ms)
  Rendered shared/_main_content.html.erb (0.6ms)
  Rendered static_pages/index.html.erb within layouts/application (48.8ms)
Completed 200 OK in 494ms (Views: 477.3ms | ActiveRecord: 0.0ms)


Started GET "/assets/application.self-cfb071c14ceafb2412747a8541f87cb4dcbb1aede4b829e22ad90f1aec38c63e.css?body=1" for ::1 at 2019-12-17 10:38:34 -0800
Started GET "/" for 127.0.0.1 at 2019-12-17 10:38:42 -0800
Processing by StaticPagesController#index as HTML
  Rendering static_pages/index.html.erb within layouts/application
  Rendered shared/_main_nav.html.erb (0.6ms)
  Rendered shared/_masthead.html.erb (0.5ms)
  Rendered shared/_sections_nav.html.erb (3.7ms)
  Rendered shared/_search_modal.html.erb (0.6ms)
  Rendered shared/_main_content.html.erb (2.4ms)
  Rendered static_pages/index.html.erb within layouts/application (50.6ms)
Completed 200 OK in 118ms (Views: 114.8ms | ActiveRecord: 0.0ms)


Started GET "/assets/application.self-cfb071c14ceafb2412747a8541f87cb4dcbb1aede4b829e22ad90f1aec38c63e.css?body=1" for 127.0.0.1 at 2019-12-17 10:38:42 -0800
Started GET "/" for ::1 at 2019-12-17 10:38:43 -0800
Processing by StaticPagesController#index as HTML
  Rendering static_pages/index.html.erb within layouts/application
  Rendered shared/_main_nav.html.erb (0.5ms)
  Rendered shared/_masthead.html.erb (0.4ms)
  Rendered shared/_sections_nav.html.erb (2.5ms)
  Rendered shared/_search_modal.html.erb (0.5ms)
  Rendered shared/_main_content.html.erb (5.3ms)
  Rendered static_pages/index.html.erb within layouts/application (81.7ms)
Completed 200 OK in 179ms (Views: 159.2ms | ActiveRecord: 0.0ms)


Started GET "/" for 127.0.0.1 at 2019-12-17 10:42:40 -0800
Processing by StaticPagesController#index as HTML
  Rendering static_pages/index.html.erb within layouts/application
  Rendered shared/_main_nav.html.erb (0.9ms)
  Rendered shared/_masthead.html.erb (0.5ms)
  Rendered shared/_sections_nav.html.erb (2.3ms)
  Rendered shared/_search_modal.html.erb (1.3ms)
  Rendered shared/_main_content.html.erb (0.8ms)
  Rendered static_pages/index.html.erb within layouts/application (54.0ms)
Completed 200 OK in 208ms (Views: 200.3ms | ActiveRecord: 0.0ms)


Started GET "/index" for 127.0.0.1 at 2019-12-17 10:43:18 -0800
  
ActionController::RoutingError (No route matches [GET] "/index"):
  
actionpack (5.0.7.2) lib/action_dispatch/middleware/debug_exceptions.rb:53:in `call'
web-console (3.7.0) lib/web_console/middleware.rb:135:in `call_app'
web-console (3.7.0) lib/web_console/middleware.rb:30:in `block in call'
web-console (3.7.0) lib/web_console/middleware.rb:20:in `catch'
web-console (3.7.0) lib/web_console/middleware.rb:20:in `call'
actionpack (5.0.7.2) lib/action_dispatch/middleware/show_exceptions.rb:31:in `call'
railties (5.0.7.2) lib/rails/rack/logger.rb:36:in `call_app'
railties (5.0.7.2) lib/rails/rack/logger.rb:24:in `block in call'
activesupport (5.0.7.2) lib/active_support/tagged_logging.rb:69:in `block in tagged'
activesupport (5.0.7.2) lib/active_support/tagged_logging.rb:26:in `tagged'
activesupport (5.0.7.2) lib/active_support/tagged_logging.rb:69:in `tagged'
railties (5.0.7.2) lib/rails/rack/logger.rb:24:in `call'
actionpack (5.0.7.2) lib/action_dispatch/middleware/request_id.rb:24:in `call'
rack (2.0.7) lib/rack/method_override.rb:22:in `call'
rack (2.0.7) lib/rack/runtime.rb:22:in `call'
activesupport (5.0.7.2) lib/active_support/cache/strategy/local_cache_middleware.rb:28:in `call'
actionpack (5.0.7.2) lib/action_dispatch/middleware/executor.rb:12:in `call'
rack-livereload (0.3.17) lib/rack/livereload.rb:23:in `_call'
rack-livereload (0.3.17) lib/rack/livereload.rb:14:in `call'
actionpack (5.0.7.2) lib/action_dispatch/middleware/static.rb:136:in `call'
rack (2.0.7) lib/rack/sendfile.rb:111:in `call'
railties (5.0.7.2) lib/rails/engine.rb:522:in `call'
puma (3.12.2) lib/puma/configuration.rb:227:in `call'
puma (3.12.2) lib/puma/server.rb:674:in `handle_request'
puma (3.12.2) lib/puma/server.rb:476:in `process_client'
puma (3.12.2) lib/puma/server.rb:334:in `block in run'
puma (3.12.2) lib/puma/thread_pool.rb:135:in `block in spawn_thread'
  Rendering /Users/sancho/.rvm/gems/ruby-2.5.1/gems/actionpack-5.0.7.2/lib/action_dispatch/middleware/templates/rescues/routing_error.html.erb within rescues/layout
  Rendering /Users/sancho/.rvm/gems/ruby-2.5.1/gems/actionpack-5.0.7.2/lib/action_dispatch/middleware/templates/rescues/_trace.html.erb
  Rendered /Users/sancho/.rvm/gems/ruby-2.5.1/gems/actionpack-5.0.7.2/lib/action_dispatch/middleware/templates/rescues/_trace.html.erb (2.9ms)
  Rendered collection of /Users/sancho/.rvm/gems/ruby-2.5.1/gems/actionpack-5.0.7.2/lib/action_dispatch/middleware/templates/routes/_route.html.erb [1 times] (19.3ms)
  Rendered /Users/sancho/.rvm/gems/ruby-2.5.1/gems/actionpack-5.0.7.2/lib/action_dispatch/middleware/templates/routes/_table.html.erb (105.2ms)
  Rendering /Users/sancho/.rvm/gems/ruby-2.5.1/gems/actionpack-5.0.7.2/lib/action_dispatch/middleware/templates/rescues/_request_and_response.html.erb
  Rendered /Users/sancho/.rvm/gems/ruby-2.5.1/gems/actionpack-5.0.7.2/lib/action_dispatch/middleware/templates/rescues/_request_and_response.html.erb (3.9ms)
  Rendered /Users/sancho/.rvm/gems/ruby-2.5.1/gems/actionpack-5.0.7.2/lib/action_dispatch/middleware/templates/rescues/routing_error.html.erb within rescues/layout (466.1ms)
Started GET "/" for ::1 at 2019-12-17 10:46:47 -0800
Processing by StaticPagesController#index as HTML
  Rendering static_pages/index.html.erb within layouts/application
  Rendered shared/_main_nav.html.erb (1.4ms)
  Rendered shared/_masthead.html.erb (3.2ms)
  Rendered shared/_sections_nav.html.erb (0.6ms)
  Rendered shared/_search_modal.html.erb (0.6ms)
  Rendered shared/_main_content.html.erb (0.7ms)
  Rendered static_pages/index.html.erb within layouts/application (131.6ms)
Completed 200 OK in 639ms (Views: 625.4ms | ActiveRecord: 0.0ms)


Started GET "/assets/application.self-39a1b3ade9b36b6f610e1522e0929620a39b87bafb7839a8063fe0e4ac2e3d99.css?body=1" for ::1 at 2019-12-17 10:46:48 -0800
Started GET "/" for 127.0.0.1 at 2019-12-17 10:46:51 -0800
Processing by StaticPagesController#index as HTML
  Rendering static_pages/index.html.erb within layouts/application
  Rendered shared/_main_nav.html.erb (0.6ms)
  Rendered shared/_masthead.html.erb (1.1ms)
  Rendered shared/_sections_nav.html.erb (0.6ms)
  Rendered shared/_search_modal.html.erb (0.9ms)
  Rendered shared/_main_content.html.erb (0.9ms)
  Rendered static_pages/index.html.erb within layouts/application (39.6ms)
Completed 200 OK in 106ms (Views: 100.5ms | ActiveRecord: 0.0ms)


Started GET "/assets/application.self-39a1b3ade9b36b6f610e1522e0929620a39b87bafb7839a8063fe0e4ac2e3d99.css?body=1" for 127.0.0.1 at 2019-12-17 10:46:51 -0800
Started GET "/" for 127.0.0.1 at 2019-12-17 10:49:28 -0800
Processing by StaticPagesController#index as HTML
  Rendering static_pages/index.html.erb within layouts/application
  Rendered shared/_main_nav.html.erb (1.0ms)
  Rendered shared/_masthead.html.erb (1.0ms)
  Rendered shared/_sections_nav.html.erb (0.6ms)
  Rendered shared/_search_modal.html.erb (0.9ms)
  Rendered shared/_main_content.html.erb (0.8ms)
  Rendered static_pages/index.html.erb within layouts/application (53.7ms)
Completed 200 OK in 522ms (Views: 498.9ms | ActiveRecord: 0.0ms)


Started GET "/assets/application.self-3e2d8ddf8441d936e6cfaeb827ef0dc9355d01db2f5edc3c83ac08efff71ee3d.css?body=1" for 127.0.0.1 at 2019-12-17 10:49:29 -0800
Started GET "/" for 127.0.0.1 at 2019-12-17 10:56:28 -0800
Processing by StaticPagesController#index as HTML
  Rendering static_pages/index.html.erb within layouts/application
  Rendered shared/_main_nav.html.erb (0.7ms)
  Rendered shared/_masthead.html.erb (0.4ms)
  Rendered shared/_sections_nav.html.erb (1.8ms)
  Rendered shared/_search_modal.html.erb (0.6ms)
  Rendered shared/_main_content.html.erb (0.4ms)
  Rendered static_pages/index.html.erb within layouts/application (54.1ms)
Completed 200 OK in 166ms (Views: 153.4ms | ActiveRecord: 0.0ms)


Started GET "/" for ::1 at 2019-12-17 10:57:08 -0800
Processing by StaticPagesController#index as HTML
  Rendering static_pages/index.html.erb within layouts/application
  Rendered shared/_main_nav.html.erb (1.8ms)
  Rendered shared/_masthead.html.erb (0.5ms)
  Rendered shared/_sections_nav.html.erb (0.5ms)
  Rendered shared/_search_modal.html.erb (1.1ms)
  Rendered shared/_main_content.html.erb (0.6ms)
  Rendered static_pages/index.html.erb within layouts/application (29.8ms)
Completed 200 OK in 116ms (Views: 106.1ms | ActiveRecord: 0.0ms)


Started GET "/assets/application.self-3e2d8ddf8441d936e6cfaeb827ef0dc9355d01db2f5edc3c83ac08efff71ee3d.css?body=1" for ::1 at 2019-12-17 10:57:08 -0800
Started GET "/" for 127.0.0.1 at 2019-12-17 10:57:08 -0800
Processing by StaticPagesController#index as HTML
  Rendering static_pages/index.html.erb within layouts/application
  Rendered shared/_main_nav.html.erb (0.9ms)
  Rendered shared/_masthead.html.erb (0.5ms)
  Rendered shared/_sections_nav.html.erb (0.6ms)
  Rendered shared/_search_modal.html.erb (0.8ms)
  Rendered shared/_main_content.html.erb (0.9ms)
  Rendered static_pages/index.html.erb within layouts/application (26.2ms)
Completed 200 OK in 130ms (Views: 126.0ms | ActiveRecord: 0.0ms)


Started GET "/" for 127.0.0.1 at 2019-12-17 10:58:12 -0800
Processing by StaticPagesController#index as HTML
  Rendering static_pages/index.html.erb within layouts/application
  Rendered shared/_main_nav.html.erb (2.6ms)
  Rendered shared/_masthead.html.erb (1.1ms)
  Rendered shared/_sections_nav.html.erb (0.8ms)
  Rendered shared/_search_modal.html.erb (1.1ms)
  Rendered shared/_main_content.html.erb (0.7ms)
  Rendered static_pages/index.html.erb within layouts/application (58.9ms)
Completed 200 OK in 191ms (Views: 183.3ms | ActiveRecord: 0.0ms)


Started GET "/" for 127.0.0.1 at 2019-12-17 11:00:41 -0800
Processing by StaticPagesController#index as HTML
  Rendering static_pages/index.html.erb within layouts/application
  Rendered shared/_main_nav.html.erb (1.3ms)
  Rendered shared/_masthead.html.erb (0.8ms)
  Rendered shared/_sections_nav.html.erb (0.4ms)
  Rendered shared/_search_modal.html.erb (4.0ms)
  Rendered shared/_main_content.html.erb (0.6ms)
  Rendered static_pages/index.html.erb within layouts/application (58.3ms)
Completed 200 OK in 241ms (Views: 227.3ms | ActiveRecord: 0.0ms)


Started GET "/" for ::1 at 2019-12-17 11:00:55 -0800
Processing by StaticPagesController#index as HTML
  Rendering static_pages/index.html.erb within layouts/application
  Rendered shared/_main_nav.html.erb (1.3ms)
  Rendered shared/_masthead.html.erb (0.7ms)
  Rendered shared/_sections_nav.html.erb (0.5ms)
  Rendered shared/_search_modal.html.erb (0.6ms)
  Rendered shared/_main_content.html.erb (2.4ms)
  Rendered static_pages/index.html.erb within layouts/application (50.4ms)
Completed 200 OK in 149ms (Views: 146.1ms | ActiveRecord: 0.0ms)


Started GET "/" for ::1 at 2019-12-17 11:01:06 -0800
Processing by StaticPagesController#index as HTML
  Rendering static_pages/index.html.erb within layouts/application
  Rendered shared/_main_nav.html.erb (11.1ms)
  Rendered shared/_masthead.html.erb (0.9ms)
  Rendered shared/_sections_nav.html.erb (0.6ms)
  Rendered shared/_search_modal.html.erb (0.7ms)
  Rendered shared/_main_content.html.erb (0.8ms)
  Rendered static_pages/index.html.erb within layouts/application (68.8ms)
Completed 200 OK in 155ms (Views: 152.0ms | ActiveRecord: 0.0ms)


Started GET "/" for 127.0.0.1 at 2019-12-17 11:01:50 -0800
Processing by StaticPagesController#index as HTML
  Rendering static_pages/index.html.erb within layouts/application
  Rendered shared/_main_nav.html.erb (0.5ms)
  Rendered shared/_masthead.html.erb (0.5ms)
  Rendered shared/_sections_nav.html.erb (2.3ms)
  Rendered shared/_search_modal.html.erb (0.4ms)
  Rendered shared/_main_content.html.erb (0.6ms)
  Rendered static_pages/index.html.erb within layouts/application (79.7ms)
Completed 200 OK in 224ms (Views: 203.3ms | ActiveRecord: 0.0ms)


Started GET "/" for ::1 at 2019-12-17 11:01:53 -0800
Processing by StaticPagesController#index as HTML
  Rendering static_pages/index.html.erb within layouts/application
  Rendered shared/_main_nav.html.erb (1.0ms)
  Rendered shared/_masthead.html.erb (0.3ms)
  Rendered shared/_sections_nav.html.erb (0.5ms)
  Rendered shared/_search_modal.html.erb (0.6ms)
  Rendered shared/_main_content.html.erb (1.2ms)
  Rendered static_pages/index.html.erb within layouts/application (32.3ms)
Completed 200 OK in 118ms (Views: 111.4ms | ActiveRecord: 0.0ms)


Started GET "/shared/_gear_dropdown.html" for ::1 at 2019-12-17 11:01:55 -0800
  
ActionController::RoutingError (No route matches [GET] "/shared/_gear_dropdown.html"):
  
actionpack (5.0.7.2) lib/action_dispatch/middleware/debug_exceptions.rb:53:in `call'
web-console (3.7.0) lib/web_console/middleware.rb:135:in `call_app'
web-console (3.7.0) lib/web_console/middleware.rb:30:in `block in call'
web-console (3.7.0) lib/web_console/middleware.rb:20:in `catch'
web-console (3.7.0) lib/web_console/middleware.rb:20:in `call'
actionpack (5.0.7.2) lib/action_dispatch/middleware/show_exceptions.rb:31:in `call'
railties (5.0.7.2) lib/rails/rack/logger.rb:36:in `call_app'
railties (5.0.7.2) lib/rails/rack/logger.rb:24:in `block in call'
activesupport (5.0.7.2) lib/active_support/tagged_logging.rb:69:in `block in tagged'
activesupport (5.0.7.2) lib/active_support/tagged_logging.rb:26:in `tagged'
activesupport (5.0.7.2) lib/active_support/tagged_logging.rb:69:in `tagged'
railties (5.0.7.2) lib/rails/rack/logger.rb:24:in `call'
actionpack (5.0.7.2) lib/action_dispatch/middleware/request_id.rb:24:in `call'
rack (2.0.7) lib/rack/method_override.rb:22:in `call'
rack (2.0.7) lib/rack/runtime.rb:22:in `call'
activesupport (5.0.7.2) lib/active_support/cache/strategy/local_cache_middleware.rb:28:in `call'
actionpack (5.0.7.2) lib/action_dispatch/middleware/executor.rb:12:in `call'
rack-livereload (0.3.17) lib/rack/livereload.rb:23:in `_call'
rack-livereload (0.3.17) lib/rack/livereload.rb:14:in `call'
actionpack (5.0.7.2) lib/action_dispatch/middleware/static.rb:136:in `call'
rack (2.0.7) lib/rack/sendfile.rb:111:in `call'
railties (5.0.7.2) lib/rails/engine.rb:522:in `call'
puma (3.12.2) lib/puma/configuration.rb:227:in `call'
puma (3.12.2) lib/puma/server.rb:674:in `handle_request'
puma (3.12.2) lib/puma/server.rb:476:in `process_client'
puma (3.12.2) lib/puma/server.rb:334:in `block in run'
puma (3.12.2) lib/puma/thread_pool.rb:135:in `block in spawn_thread'
  Rendering /Users/sancho/.rvm/gems/ruby-2.5.1/gems/actionpack-5.0.7.2/lib/action_dispatch/middleware/templates/rescues/routing_error.html.erb within rescues/layout
  Rendering /Users/sancho/.rvm/gems/ruby-2.5.1/gems/actionpack-5.0.7.2/lib/action_dispatch/middleware/templates/rescues/_trace.html.erb
  Rendered /Users/sancho/.rvm/gems/ruby-2.5.1/gems/actionpack-5.0.7.2/lib/action_dispatch/middleware/templates/rescues/_trace.html.erb (3.0ms)
  Rendered collection of /Users/sancho/.rvm/gems/ruby-2.5.1/gems/actionpack-5.0.7.2/lib/action_dispatch/middleware/templates/routes/_route.html.erb [1 times] (22.9ms)
  Rendered /Users/sancho/.rvm/gems/ruby-2.5.1/gems/actionpack-5.0.7.2/lib/action_dispatch/middleware/templates/routes/_table.html.erb (4.3ms)
  Rendering /Users/sancho/.rvm/gems/ruby-2.5.1/gems/actionpack-5.0.7.2/lib/action_dispatch/middleware/templates/rescues/_request_and_response.html.erb
  Rendered /Users/sancho/.rvm/gems/ruby-2.5.1/gems/actionpack-5.0.7.2/lib/action_dispatch/middleware/templates/rescues/_request_and_response.html.erb (2.8ms)
  Rendered /Users/sancho/.rvm/gems/ruby-2.5.1/gems/actionpack-5.0.7.2/lib/action_dispatch/middleware/templates/rescues/routing_error.html.erb within rescues/layout (326.3ms)
Started GET "/shared/_gear_dropdown.html" for ::1 at 2019-12-17 11:02:45 -0800
  
ActionController::RoutingError (No route matches [GET] "/shared/_gear_dropdown.html"):
  
actionpack (5.0.7.2) lib/action_dispatch/middleware/debug_exceptions.rb:53:in `call'
web-console (3.7.0) lib/web_console/middleware.rb:135:in `call_app'
web-console (3.7.0) lib/web_console/middleware.rb:30:in `block in call'
web-console (3.7.0) lib/web_console/middleware.rb:20:in `catch'
web-console (3.7.0) lib/web_console/middleware.rb:20:in `call'
actionpack (5.0.7.2) lib/action_dispatch/middleware/show_exceptions.rb:31:in `call'
railties (5.0.7.2) lib/rails/rack/logger.rb:36:in `call_app'
railties (5.0.7.2) lib/rails/rack/logger.rb:24:in `block in call'
activesupport (5.0.7.2) lib/active_support/tagged_logging.rb:69:in `block in tagged'
activesupport (5.0.7.2) lib/active_support/tagged_logging.rb:26:in `tagged'
activesupport (5.0.7.2) lib/active_support/tagged_logging.rb:69:in `tagged'
railties (5.0.7.2) lib/rails/rack/logger.rb:24:in `call'
actionpack (5.0.7.2) lib/action_dispatch/middleware/request_id.rb:24:in `call'
rack (2.0.7) lib/rack/method_override.rb:22:in `call'
rack (2.0.7) lib/rack/runtime.rb:22:in `call'
activesupport (5.0.7.2) lib/active_support/cache/strategy/local_cache_middleware.rb:28:in `call'
actionpack (5.0.7.2) lib/action_dispatch/middleware/executor.rb:12:in `call'
rack-livereload (0.3.17) lib/rack/livereload.rb:23:in `_call'
rack-livereload (0.3.17) lib/rack/livereload.rb:14:in `call'
actionpack (5.0.7.2) lib/action_dispatch/middleware/static.rb:136:in `call'
rack (2.0.7) lib/rack/sendfile.rb:111:in `call'
railties (5.0.7.2) lib/rails/engine.rb:522:in `call'
puma (3.12.2) lib/puma/configuration.rb:227:in `call'
puma (3.12.2) lib/puma/server.rb:674:in `handle_request'
puma (3.12.2) lib/puma/server.rb:476:in `process_client'
puma (3.12.2) lib/puma/server.rb:334:in `block in run'
puma (3.12.2) lib/puma/thread_pool.rb:135:in `block in spawn_thread'
  Rendering /Users/sancho/.rvm/gems/ruby-2.5.1/gems/actionpack-5.0.7.2/lib/action_dispatch/middleware/templates/rescues/routing_error.html.erb within rescues/layout
  Rendering /Users/sancho/.rvm/gems/ruby-2.5.1/gems/actionpack-5.0.7.2/lib/action_dispatch/middleware/templates/rescues/_trace.html.erb
  Rendered /Users/sancho/.rvm/gems/ruby-2.5.1/gems/actionpack-5.0.7.2/lib/action_dispatch/middleware/templates/rescues/_trace.html.erb (2.7ms)
  Rendered collection of /Users/sancho/.rvm/gems/ruby-2.5.1/gems/actionpack-5.0.7.2/lib/action_dispatch/middleware/templates/routes/_route.html.erb [1 times] (5.0ms)
  Rendered /Users/sancho/.rvm/gems/ruby-2.5.1/gems/actionpack-5.0.7.2/lib/action_dispatch/middleware/templates/routes/_table.html.erb (3.8ms)
  Rendering /Users/sancho/.rvm/gems/ruby-2.5.1/gems/actionpack-5.0.7.2/lib/action_dispatch/middleware/templates/rescues/_request_and_response.html.erb
  Rendered /Users/sancho/.rvm/gems/ruby-2.5.1/gems/actionpack-5.0.7.2/lib/action_dispatch/middleware/templates/rescues/_request_and_response.html.erb (3.4ms)
  Rendered /Users/sancho/.rvm/gems/ruby-2.5.1/gems/actionpack-5.0.7.2/lib/action_dispatch/middleware/templates/rescues/routing_error.html.erb within rescues/layout (303.2ms)
Started GET "/" for 127.0.0.1 at 2019-12-17 11:04:34 -0800
Processing by StaticPagesController#index as HTML
  Rendering static_pages/index.html.erb within layouts/application
  Rendered shared/_main_nav.html.erb (0.7ms)
  Rendered shared/_masthead.html.erb (0.8ms)
  Rendered shared/_sections_nav.html.erb (0.7ms)
  Rendered shared/_search_modal.html.erb (0.8ms)
  Rendered shared/_main_content.html.erb (0.5ms)
  Rendered static_pages/index.html.erb within layouts/application (78.4ms)
Completed 200 OK in 216ms (Views: 210.6ms | ActiveRecord: 0.0ms)


Started GET "/" for 127.0.0.1 at 2019-12-17 11:04:53 -0800
Processing by StaticPagesController#index as HTML
  Rendering static_pages/index.html.erb within layouts/application
  Rendered shared/_main_nav.html.erb (3.7ms)
  Rendered shared/_masthead.html.erb (0.5ms)
  Rendered shared/_sections_nav.html.erb (0.4ms)
  Rendered shared/_search_modal.html.erb (0.6ms)
  Rendered shared/_main_content.html.erb (1.7ms)
  Rendered static_pages/index.html.erb within layouts/application (31.5ms)
Completed 200 OK in 86ms (Views: 82.3ms | ActiveRecord: 0.0ms)


Started GET "/" for ::1 at 2019-12-17 11:06:10 -0800
Processing by StaticPagesController#index as HTML
  Rendering static_pages/index.html.erb within layouts/application
  Rendered shared/_main_nav.html.erb (1.2ms)
  Rendered shared/_masthead.html.erb (0.7ms)
  Rendered shared/_sections_nav.html.erb (0.4ms)
  Rendered shared/_search_modal.html.erb (0.4ms)
  Rendered shared/_main_content.html.erb (0.4ms)
  Rendered static_pages/index.html.erb within layouts/application (80.0ms)
Completed 200 OK in 253ms (Views: 213.4ms | ActiveRecord: 0.0ms)


Started GET "/" for 127.0.0.1 at 2019-12-17 11:06:22 -0800
Processing by StaticPagesController#index as HTML
  Rendering static_pages/index.html.erb within layouts/application
  Rendered shared/_main_nav.html.erb (0.6ms)
  Rendered shared/_masthead.html.erb (0.7ms)
  Rendered shared/_sections_nav.html.erb (1.9ms)
  Rendered shared/_search_modal.html.erb (1.4ms)
  Rendered shared/_main_content.html.erb (0.9ms)
  Rendered static_pages/index.html.erb within layouts/application (57.5ms)
Completed 200 OK in 165ms (Views: 161.0ms | ActiveRecord: 0.0ms)


Started GET "/" for ::1 at 2019-12-17 11:08:27 -0800
Processing by StaticPagesController#index as HTML
  Rendering static_pages/index.html.erb within layouts/application
  Rendered shared/_gear_dropdown.html.erb (2.7ms)
  Rendered shared/_main_nav.html.erb (12.2ms)
  Rendered shared/_masthead.html.erb (1.3ms)
  Rendered shared/_sections_nav.html.erb (0.5ms)
  Rendered shared/_search_modal.html.erb (0.4ms)
  Rendered shared/_main_content.html.erb (0.4ms)
  Rendered static_pages/index.html.erb within layouts/application (67.8ms)
Completed 200 OK in 197ms (Views: 187.0ms | ActiveRecord: 0.0ms)


Started GET "/" for ::1 at 2019-12-17 11:08:41 -0800
Processing by StaticPagesController#index as HTML
  Rendering static_pages/index.html.erb within layouts/application
  Rendered shared/_gear_dropdown.html.erb (1.3ms)
  Rendered shared/_main_nav.html.erb (35.6ms)
  Rendered shared/_masthead.html.erb (2.0ms)
  Rendered shared/_sections_nav.html.erb (7.2ms)
  Rendered shared/_search_modal.html.erb (0.5ms)
  Rendered shared/_main_content.html.erb (0.5ms)
  Rendered static_pages/index.html.erb within layouts/application (101.8ms)
Completed 200 OK in 201ms (Views: 197.6ms | ActiveRecord: 0.0ms)


Started GET "/" for 127.0.0.1 at 2019-12-17 11:10:01 -0800
Processing by StaticPagesController#index as HTML
  Rendering static_pages/index.html.erb within layouts/application
  Rendered shared/_gear_dropdown.html.erb (0.5ms)
  Rendered shared/_main_nav.html.erb (6.8ms)
  Rendered shared/_masthead.html.erb (0.6ms)
  Rendered shared/_sections_nav.html.erb (0.5ms)
  Rendered shared/_search_modal.html.erb (0.4ms)
  Rendered shared/_main_content.html.erb (1.0ms)
  Rendered static_pages/index.html.erb within layouts/application (28.0ms)
Completed 200 OK in 88ms (Views: 85.3ms | ActiveRecord: 0.0ms)


Started GET "/" for 127.0.0.1 at 2019-12-17 11:12:07 -0800
Processing by StaticPagesController#index as HTML
  Rendering static_pages/index.html.erb within layouts/application
  Rendered shared/_gear_dropdown.html.erb (1.0ms)
  Rendered shared/_main_nav.html.erb (26.2ms)
  Rendered shared/_masthead.html.erb (0.7ms)
  Rendered shared/_sections_nav.html.erb (0.7ms)
  Rendered shared/_search_modal.html.erb (1.2ms)
  Rendered shared/_main_content.html.erb (0.5ms)
  Rendered static_pages/index.html.erb within layouts/application (85.0ms)
Completed 200 OK in 323ms (Views: 305.1ms | ActiveRecord: 0.0ms)


Started GET "/" for ::1 at 2019-12-17 12:57:21 -0800
Processing by StaticPagesController#index as HTML
  Rendering static_pages/index.html.erb within layouts/application
  Rendered shared/_main_nav.html.erb (315.4ms)
  Rendered static_pages/index.html.erb within layouts/application (342.6ms)
Completed 500 Internal Server Error in 383ms (ActiveRecord: 0.0ms)



NoMethodError - undefined method `partial' for #<#<Class:0x00007fd126366830>:0x00007fd127db29c8>:
  app/views/shared/_main_nav.html.erb:7:in `_app_views_shared__main_nav_html_erb__4263557017395840015_70268178456520'
  app/views/static_pages/index.html.erb:1:in `_app_views_static_pages_index_html_erb__3212937812459382435_70268146779420'

Started POST "/__better_errors/59b534a9ce4d1611/variables" for ::1 at 2019-12-17 12:57:22 -0800
Started GET "/" for ::1 at 2019-12-17 12:58:25 -0800
Processing by StaticPagesController#index as HTML
  Rendering static_pages/index.html.erb within layouts/application
  Rendered shared/_sections_sidebar.html.erb (0.5ms)
  Rendered shared/_gear_dropdown.html.erb (0.6ms)
  Rendered shared/_main_nav.html.erb (16.7ms)
  Rendered shared/_masthead.html.erb (0.9ms)
  Rendered shared/_search_modal.html.erb (0.8ms)
  Rendered shared/_sections_nav.html.erb (9.6ms)
  Rendered shared/_search_modal.html.erb (7.6ms)
  Rendered shared/_main_content.html.erb (0.5ms)
  Rendered static_pages/index.html.erb within layouts/application (84.5ms)
Completed 200 OK in 460ms (Views: 449.8ms | ActiveRecord: 0.0ms)


Started GET "/assets/application.self-841a3b50cbd5a0d882140d4526b289e232420157b0b0013b8c8a282cbce53b8c.css?body=1" for ::1 at 2019-12-17 12:58:26 -0800
Started GET "/assets/AA_Times_Logo.png" for ::1 at 2019-12-17 12:58:26 -0800
Started GET "/" for ::1 at 2019-12-17 13:04:19 -0800
Processing by StaticPagesController#index as HTML
  Rendering static_pages/index.html.erb within layouts/application
  Rendered shared/_sections_sidebar.html.erb (5.4ms)
  Rendered shared/_gear_dropdown.html.erb (0.7ms)
  Rendered shared/_main_nav.html.erb (26.0ms)
  Rendered shared/_masthead.html.erb (0.6ms)
  Rendered shared/_search_modal.html.erb (0.9ms)
  Rendered shared/_sections_nav.html.erb (12.9ms)
  Rendered shared/_search_modal.html.erb (0.0ms)
  Rendered shared/_main_content.html.erb (4.7ms)
  Rendered static_pages/index.html.erb within layouts/application (72.2ms)
Completed 200 OK in 577ms (Views: 544.8ms | ActiveRecord: 0.0ms)


Started GET "/assets/AA_Times_Logo.png" for ::1 at 2019-12-17 13:04:20 -0800
Started GET "/assets/application.self-03aaec80478d4321712a298946433d89c6d5cf6c283d7af138bbe51b8fdf6217.css?body=1" for ::1 at 2019-12-17 13:04:20 -0800
Started GET "/" for ::1 at 2019-12-17 13:08:05 -0800
Processing by StaticPagesController#index as HTML
  Rendering static_pages/index.html.erb within layouts/application
  Rendered shared/_sections_sidebar.html.erb (6.0ms)
  Rendered shared/_gear_dropdown.html.erb (8.8ms)
  Rendered shared/_main_nav.html.erb (30.2ms)
  Rendered shared/_masthead.html.erb (4.3ms)
  Rendered shared/_search_modal.html.erb (0.6ms)
  Rendered shared/_sections_nav.html.erb (7.6ms)
  Rendered shared/_search_modal.html.erb (0.1ms)
  Rendered shared/_main_content.html.erb (0.8ms)
  Rendered static_pages/index.html.erb within layouts/application (79.0ms)
Completed 200 OK in 533ms (Views: 521.2ms | ActiveRecord: 0.0ms)


Started GET "/assets/application.self-edb54908ad14e1aea6e71c4ecc9e4487c4b0bac02b979561c18b9940a4bf3988.css?body=1" for ::1 at 2019-12-17 13:08:06 -0800
Started GET "/assets/AA_Times_Logo.png" for ::1 at 2019-12-17 13:08:06 -0800
Started GET "/" for ::1 at 2019-12-17 13:13:00 -0800
Processing by StaticPagesController#index as HTML
  Rendering static_pages/index.html.erb within layouts/application
  Rendered shared/_sections_sidebar.html.erb (0.6ms)
  Rendered shared/_gear_dropdown.html.erb (3.5ms)
  Rendered shared/_main_nav.html.erb (28.1ms)
  Rendered shared/_masthead.html.erb (2.0ms)
  Rendered shared/_search_modal.html.erb (0.6ms)
  Rendered shared/_sections_nav.html.erb (12.1ms)
  Rendered shared/_search_modal.html.erb (0.0ms)
  Rendered shared/_main_content.html.erb (1.1ms)
  Rendered static_pages/index.html.erb within layouts/application (75.6ms)
Completed 200 OK in 607ms (Views: 597.2ms | ActiveRecord: 0.0ms)


Started GET "/assets/application.self-22a0743efdc8a881f0fedba21ad515c960dd91849bcd9dd11220989cbb5e0ea5.css?body=1" for ::1 at 2019-12-17 13:13:01 -0800
Started GET "/assets/AA_Times_Logo.png" for ::1 at 2019-12-17 13:13:01 -0800
Started GET "/" for ::1 at 2019-12-17 13:14:05 -0800
Processing by StaticPagesController#index as HTML
  Rendering static_pages/index.html.erb within layouts/application
  Rendered shared/_sections_sidebar.html.erb (2.8ms)
  Rendered shared/_gear_dropdown.html.erb (0.9ms)
  Rendered shared/_main_nav.html.erb (52.5ms)
  Rendered shared/_masthead.html.erb (10.8ms)
  Rendered shared/_search_modal.html.erb (0.4ms)
  Rendered shared/_sections_nav.html.erb (4.1ms)
  Rendered shared/_search_modal.html.erb (0.1ms)
  Rendered shared/_main_content.html.erb (6.2ms)
  Rendered static_pages/index.html.erb within layouts/application (121.3ms)
Completed 200 OK in 632ms (Views: 620.4ms | ActiveRecord: 0.0ms)


Started GET "/assets/AA_Times_Logo.png" for ::1 at 2019-12-17 13:14:06 -0800
Started GET "/assets/application.self-f41eb235e3bf520dd601d0727603ed1363d4a540160630caae79dac7ab34d3e4.css?body=1" for ::1 at 2019-12-17 13:14:06 -0800
Started GET "/" for ::1 at 2019-12-17 13:16:09 -0800
Processing by StaticPagesController#index as HTML
  Rendering static_pages/index.html.erb within layouts/application
  Rendered shared/_sections_sidebar.html.erb (0.7ms)
  Rendered shared/_gear_dropdown.html.erb (3.1ms)
  Rendered shared/_main_nav.html.erb (25.1ms)
  Rendered shared/_masthead.html.erb (1.3ms)
  Rendered shared/_search_modal.html.erb (0.7ms)
  Rendered shared/_sections_nav.html.erb (6.1ms)
  Rendered shared/_search_modal.html.erb (0.1ms)
  Rendered shared/_main_content.html.erb (2.2ms)
  Rendered static_pages/index.html.erb within layouts/application (68.9ms)
Completed 200 OK in 587ms (Views: 541.0ms | ActiveRecord: 0.0ms)


Started GET "/assets/application.self-507c7d3e81be34db20cc1ab9f2dec94519ac76bf59c7fcb9219d631a5f2c5647.css?body=1" for ::1 at 2019-12-17 13:16:10 -0800
Started GET "/assets/AA_Times_Logo.png" for ::1 at 2019-12-17 13:16:10 -0800
Started GET "/" for ::1 at 2019-12-17 13:40:07 -0800
Processing by StaticPagesController#index as HTML
  Rendering static_pages/index.html.erb within layouts/application
  Rendered shared/_sections_sidebar.html.erb (2.1ms)
  Rendered shared/_gear_dropdown.html.erb (1.0ms)
  Rendered shared/_main_nav.html.erb (27.3ms)
  Rendered shared/_masthead.html.erb (0.5ms)
  Rendered shared/_search_modal.html.erb (1.3ms)
  Rendered shared/_sections_nav.html.erb (6.4ms)
  Rendered shared/_search_modal.html.erb (0.0ms)
  Rendered shared/_main_content.html.erb (0.5ms)
  Rendered static_pages/index.html.erb within layouts/application (69.9ms)
Completed 200 OK in 614ms (Views: 593.2ms | ActiveRecord: 0.0ms)


Started GET "/assets/application.self-9163b538d6c0ded3eea2048539ae11deeebe6ceaa855fbfcaee3a31ea77639d0.css?body=1" for ::1 at 2019-12-17 13:40:08 -0800
Started GET "/assets/AA_Times_Logo.png" for ::1 at 2019-12-17 13:40:08 -0800
